2025.09.15 16:34:05,613	INFO	3	org.l2jmobius.commons.util.IXmlReader	Network Config: ipconfig.xml does not exist, using automatic configuration...
2025.09.15 16:34:06,174	INFO	3	org.l2jmobius.commons.util.IXmlReader	Network Config: Adding new subnet: 192.168.56.0/24 address: 192.168.56.1
2025.09.15 16:34:06,176	INFO	3	org.l2jmobius.commons.util.IXmlReader	Network Config: Adding new subnet: 172.24.64.0/20 address: 172.24.64.1
2025.09.15 16:34:06,177	INFO	3	org.l2jmobius.commons.util.IXmlReader	Network Config: Adding new subnet: 127.0.0.0/8 address: 127.0.0.1
2025.09.15 16:34:06,180	INFO	3	org.l2jmobius.commons.util.IXmlReader	Network Config: Adding new subnet: 192.168.15.0/24 address: 192.168.15.9
2025.09.15 16:34:06,182	INFO	3	org.l2jmobius.commons.util.IXmlReader	Network Config: Adding new subnet: 0.0.0.0/0 address: 189.111.92.239
2025.09.15 16:34:06,293	INFO	3	org.l2jmobius.Config	Loaded 6 Filter Words.
2025.09.15 16:34:06,295	INFO	3	org.l2jmobius.gameserver.GameServer	------------------------------------------------=[ Database ]
2025.09.15 16:34:06,581	INFO	3	org.l2jmobius.commons.database.DatabaseFactory	Database: HikariCP pool initialized successfully.
2025.09.15 16:34:06,953	INFO	3	org.l2jmobius.commons.database.DatabaseFactory	Database: Initialized with a valid connection.
2025.09.15 16:34:06,969	INFO	3	org.l2jmobius.gameserver.GameServer	----------------------------------------------=[ ThreadPool ]
2025.09.15 16:34:06,972	INFO	3	org.l2jmobius.commons.threads.ThreadPool	ThreadPool: Initialized
2025.09.15 16:34:06,972	INFO	3	org.l2jmobius.commons.threads.ThreadPool	...scheduled pool executor with 8 high priority threads.
2025.09.15 16:34:06,980	INFO	3	org.l2jmobius.commons.threads.ThreadPool	...scheduled pool executor with 32 total threads.
2025.09.15 16:34:06,981	INFO	3	org.l2jmobius.commons.threads.ThreadPool	...instant pool executor with 16 total threads.
2025.09.15 16:34:06,984	INFO	3	org.l2jmobius.gameserver.GameServer	-----------------------------------------------=[ IdManager ]
2025.09.15 16:34:07,085	INFO	3	org.l2jmobius.gameserver.managers.DatabaseIdManager	DatabaseIdManager: Cleaned 0 elements in 0 seconds.
2025.09.15 16:34:07,093	INFO	3	org.l2jmobius.gameserver.managers.DatabaseIdManager	DatabaseIdManager: Updated character online status.
2025.09.15 16:34:07,109	INFO	3	org.l2jmobius.gameserver.managers.DatabaseIdManager	DatabaseIdManager: Cleaned 0 expired timestamps.
2025.09.15 16:34:07,155	INFO	3	org.l2jmobius.gameserver.managers.IdManager	IdManager: 102912 ids available.
2025.09.15 16:34:07,156	INFO	3	org.l2jmobius.gameserver.GameServer	----------------------------------------=[ Scripting Engine ]
2025.09.15 16:34:07,903	INFO	3	org.l2jmobius.gameserver.scripting.ScriptManager	Loaded 381 files to exclude.
2025.09.15 16:34:07,905	INFO	3	org.l2jmobius.gameserver.GameServer	---------------------------------------------------=[ World ]
2025.09.15 16:34:07,918	INFO	3	org.l2jmobius.commons.util.IXmlReader	InstanceManager: Multiverse Instance created.
2025.09.15 16:34:07,918	INFO	3	org.l2jmobius.commons.util.IXmlReader	InstanceManager: Universe Instance created.
2025.09.15 16:34:07,962	INFO	3	org.l2jmobius.commons.util.IXmlReader	InstanceManager: Loaded 2 instance templates.
2025.09.15 16:34:08,343	INFO	3	org.l2jmobius.commons.util.IXmlReader	MapRegionManager: Loaded 42 map regions.
2025.09.15 16:34:08,372	INFO	3	org.l2jmobius.gameserver.managers.GlobalVariablesManager	GlobalVariablesManager: Loaded 5 variables.
2025.09.15 16:34:08,372	INFO	3	org.l2jmobius.gameserver.GameServer	----------------------------------------------------=[ Data ]
2025.09.15 16:34:08,458	INFO	3	org.l2jmobius.gameserver.data.xml.CategoryData	CategoryData: Loaded 160 categories.
2025.09.15 16:34:08,476	INFO	3	org.l2jmobius.gameserver.GameServer	--------------------------------------------------=[ Skills ]
2025.09.15 16:34:15,357	INFO	3	handlers.EffectMasterHandler	EffectMasterHandler: Loaded 145 effect handlers.
2025.09.15 16:34:15,791	INFO	3	org.l2jmobius.gameserver.data.sql.EnchantSkillTreesTable	EnchantSkillTreesTable: Loaded 14520 enchant skills.
2025.09.15 16:34:18,022	INFO	3	org.l2jmobius.commons.util.IXmlReader	SkillTreeData: Loaded 13777 Class Skills for 89 class skill trees.
2025.09.15 16:34:18,023	INFO	3	org.l2jmobius.commons.util.IXmlReader	SkillTreeData: Loaded 117 fishing skills, 8 Dwarven only fishing skills.
2025.09.15 16:34:18,032	INFO	3	org.l2jmobius.commons.util.IXmlReader	SkillTreeData: Loaded 64 clan skills, 64 for clan and 0 residential.
2025.09.15 16:34:18,033	INFO	3	org.l2jmobius.commons.util.IXmlReader	SkillTreeData: Loaded 8 noble skills.
2025.09.15 16:34:18,033	INFO	3	org.l2jmobius.commons.util.IXmlReader	SkillTreeData: Loaded 5 hero skills.
2025.09.15 16:34:18,033	INFO	3	org.l2jmobius.commons.util.IXmlReader	SkillTreeData: Loaded 25 game master skills.
2025.09.15 16:34:18,034	INFO	3	org.l2jmobius.commons.util.IXmlReader	SkillTreeData: Loaded 1 game master aura skills.
2025.09.15 16:34:21,275	INFO	3	org.l2jmobius.gameserver.data.xml.SkillData	SkillData: Loaded 29865 Skill templates from XML files.
2025.09.15 16:34:21,339	INFO	3	org.l2jmobius.gameserver.data.xml.PetSkillData	PetSkillData: Loaded 795 skills.
2025.09.15 16:34:21,339	INFO	3	org.l2jmobius.gameserver.GameServer	---------------------------------------------------=[ Items ]
2025.09.15 16:34:22,150	INFO	3	org.l2jmobius.gameserver.data.xml.ItemData	ItemData: Highest item id used: 50000
2025.09.15 16:34:22,150	INFO	3	org.l2jmobius.gameserver.data.xml.ItemData	ItemData: Loaded 6882 etc items.
2025.09.15 16:34:22,150	INFO	3	org.l2jmobius.gameserver.data.xml.ItemData	ItemData: Loaded 1106 armor items.
2025.09.15 16:34:22,150	INFO	3	org.l2jmobius.gameserver.data.xml.ItemData	ItemData: Loaded 1223 weapon items.
2025.09.15 16:34:22,150	INFO	3	org.l2jmobius.gameserver.data.xml.ItemData	ItemData: Loaded 9211 items in total.
2025.09.15 16:34:22,169	INFO	3	org.l2jmobius.commons.util.IXmlReader	EnchantItemGroupsData: Loaded 4 item group templates.
2025.09.15 16:34:22,169	INFO	3	org.l2jmobius.commons.util.IXmlReader	EnchantItemGroupsData: Loaded 1 scroll group templates.
2025.09.15 16:34:22,169	INFO	3	org.l2jmobius.commons.util.IXmlReader	EnchantItemGroupsData: Max weapon enchant is set to 16.
2025.09.15 16:34:22,169	INFO	3	org.l2jmobius.commons.util.IXmlReader	EnchantItemGroupsData: Max armor enchant is set to 16.
2025.09.15 16:34:22,169	INFO	3	org.l2jmobius.commons.util.IXmlReader	EnchantItemGroupsData: Max accessory enchant is set to 16.
2025.09.15 16:34:22,189	INFO	3	org.l2jmobius.commons.util.IXmlReader	EnchantItemData: Loaded 30 enchant scrolls.
2025.09.15 16:34:23,525	INFO	3	org.l2jmobius.gameserver.data.xml.OptionData	OptionData: Loaded 16380 options.
2025.09.15 16:34:23,535	INFO	3	org.l2jmobius.commons.util.IXmlReader	EnchantItemHPBonusData: Loaded 6 enchant HP bonuses.
2025.09.15 16:34:23,550	INFO	3	org.l2jmobius.gameserver.data.MerchantPriceConfigTable	MerchantPriceConfigTable: Loaded 28 merchant price configs.
2025.09.15 16:34:25,639	WARNING	3	org.l2jmobius.commons.util.IXmlReader	Directory not found: C:\Users\marcos\Desktop\L2J_Mobius_CT_0_Interlude\game\data\buylists\custom
2025.09.15 16:34:25,639	INFO	3	org.l2jmobius.gameserver.data.xml.BuyListData	BuyListData: Loaded 616 buyLists.
2025.09.15 16:34:26,171	INFO	3	org.l2jmobius.commons.util.IXmlReader	MultisellData: Loaded 93 multisell lists.
2025.09.15 16:34:26,239	INFO	3	org.l2jmobius.commons.util.IXmlReader	RecipeData: Loaded 871 recipes.
2025.09.15 16:34:26,279	INFO	3	org.l2jmobius.commons.util.IXmlReader	ArmorSetData: Loaded 51 armor sets.
2025.09.15 16:34:26,308	INFO	3	org.l2jmobius.commons.util.IXmlReader	FishData: Loaded 278 fishes.
2025.09.15 16:34:26,316	INFO	3	org.l2jmobius.commons.util.IXmlReader	FishingMonstersData: Loaded 8 fishing monsters.
2025.09.15 16:34:26,322	INFO	3	org.l2jmobius.commons.util.IXmlReader	FishingRodsData: Loaded 6 fishing rods.
2025.09.15 16:34:26,362	INFO	3	org.l2jmobius.commons.util.IXmlReader	HennaData: Loaded 180 henna data.
2025.09.15 16:34:26,366	INFO	3	org.l2jmobius.gameserver.GameServer	----------------------------------------------=[ Characters ]
2025.09.15 16:34:26,378	INFO	3	org.l2jmobius.gameserver.data.xml.ClassListData	ClassListData: Loaded 89 class data.
2025.09.15 16:34:26,387	INFO	3	org.l2jmobius.commons.util.IXmlReader	InitialEquipmentData: Loaded 9 initial equipment data.
2025.09.15 16:34:26,394	INFO	3	org.l2jmobius.commons.util.IXmlReader	InitialShortcutData: Loaded 5 initial global shortcut data.
2025.09.15 16:34:26,397	INFO	3	org.l2jmobius.commons.util.IXmlReader	InitialShortcutData: Loaded 4 initial shortcut data.
2025.09.15 16:34:26,397	INFO	3	org.l2jmobius.commons.util.IXmlReader	InitialShortcutData: Loaded 0 macro presets.
2025.09.15 16:34:26,397	INFO	3	org.l2jmobius.gameserver.data.xml.ExperienceData	ExperienceData: Loaded 81 levels.
2025.09.15 16:34:26,408	INFO	3	org.l2jmobius.gameserver.data.xml.ExperienceData	ExperienceData: Max Player Level is 80.
2025.09.15 16:34:26,408	INFO	3	org.l2jmobius.gameserver.data.xml.ExperienceData	ExperienceData: Max Pet Level is 80.
2025.09.15 16:34:26,418	INFO	3	org.l2jmobius.commons.util.IXmlReader	KarmaData: Loaded 80 karma modifiers.
2025.09.15 16:34:26,426	INFO	3	org.l2jmobius.commons.util.IXmlReader	HitConditionBonusData: Loaded hit condition bonuses.
2025.09.15 16:34:27,027	INFO	3	org.l2jmobius.gameserver.data.xml.PlayerTemplateData	PlayerTemplateData: Loaded 89 character templates.
2025.09.15 16:34:27,027	INFO	3	org.l2jmobius.gameserver.data.xml.PlayerTemplateData	PlayerTemplateData: Loaded 42720 level up gain records.
2025.09.15 16:34:27,030	INFO	3	org.l2jmobius.gameserver.data.sql.CharInfoTable	CharInfoTable: Loaded 1 char names.
2025.09.15 16:34:27,042	INFO	3	org.l2jmobius.gameserver.data.xml.AdminData	AdminData: Loaded 10 access levels.
2025.09.15 16:34:27,050	INFO	3	org.l2jmobius.gameserver.data.xml.AdminData	AdminData: Loaded 432 access commands.
2025.09.15 16:34:27,058	INFO	3	org.l2jmobius.gameserver.managers.RaidBossPointsManager	RaidBossPointsManager: Loaded 0 Characters Raid Points.
2025.09.15 16:34:27,230	INFO	3	org.l2jmobius.commons.util.IXmlReader	PetDataTable: Loaded 12 pets.
2025.09.15 16:34:27,248	INFO	3	org.l2jmobius.gameserver.GameServer	---------------------------------------------------=[ Clans ]
2025.09.15 16:34:27,269	INFO	3	org.l2jmobius.gameserver.communitybbs.Manager.ForumsBBSManager	ForumsBBSManager: Loaded 4 forums. Last forum id used: 4
2025.09.15 16:34:27,269	INFO	3	org.l2jmobius.gameserver.data.sql.ClanTable	ClanTable: Restored 0 clans from the database.
2025.09.15 16:34:27,293	INFO	3	org.l2jmobius.gameserver.managers.CHSiegeManager	CHSiegeManager: Loaded 6 conquerable clan halls.
2025.09.15 16:34:27,394	INFO	3	org.l2jmobius.gameserver.managers.ClanHallAuctionManager	ClanHallAuctionManager: Loaded 38 auction(s)
2025.09.15 16:34:27,394	INFO	3	org.l2jmobius.gameserver.data.sql.ClanHallTable	ClanHallTable: Loaded 0 clan halls
2025.09.15 16:34:27,394	INFO	3	org.l2jmobius.gameserver.data.sql.ClanHallTable	ClanHallTable: Loaded 38 free clan halls
2025.09.15 16:34:27,394	INFO	3	org.l2jmobius.gameserver.GameServer	-------------------------------------------------=[ Geodata ]
2025.09.15 16:34:27,438	INFO	3	org.l2jmobius.gameserver.geoengine.GeoEngine	GeoEngine: Loaded 0 regions.
2025.09.15 16:34:27,438	INFO	3	org.l2jmobius.gameserver.geoengine.GeoEngine	GeoEngine: Pathfinding is disabled.
2025.09.15 16:34:27,438	INFO	3	org.l2jmobius.gameserver.GameServer	----------------------------------------------------=[ NPCs ]
2025.09.15 16:34:27,497	INFO	3	org.l2jmobius.gameserver.managers.ZoneManager	ZoneManager 12 by 17 Zone Region Grid set up.
2025.09.15 16:34:29,848	INFO	3	org.l2jmobius.commons.util.IXmlReader	NpcData: Loaded 6519 NPCs.
2025.09.15 16:34:29,918	INFO	3	org.l2jmobius.commons.util.IXmlReader	NpcData: Loaded 18 custom NPCs.
2025.09.15 16:34:29,934	INFO	3	org.l2jmobius.commons.util.IXmlReader	SkillLearnData: Loaded 217 skill learn data.
2025.09.15 16:34:29,940	INFO	3	org.l2jmobius.gameserver.managers.GrandBossManager	GrandBossManager: Gigantic Chaos Golem(25512) status is 0.
2025.09.15 16:34:29,942	INFO	3	org.l2jmobius.gameserver.managers.GrandBossManager	GrandBossManager: Queen Ant(29001) status is 0.
2025.09.15 16:34:29,942	INFO	3	org.l2jmobius.gameserver.managers.GrandBossManager	GrandBossManager: Core(29006) status is 0.
2025.09.15 16:34:29,942	INFO	3	org.l2jmobius.gameserver.managers.GrandBossManager	GrandBossManager: Orfen(29014) status is 0.
2025.09.15 16:34:29,942	INFO	3	org.l2jmobius.gameserver.managers.GrandBossManager	GrandBossManager: Antharas(29019) status is 0.
2025.09.15 16:34:29,944	INFO	3	org.l2jmobius.gameserver.managers.GrandBossManager	GrandBossManager: Baium(29020) status is 0.
2025.09.15 16:34:29,944	INFO	3	org.l2jmobius.gameserver.managers.GrandBossManager	GrandBossManager: Zaken(29022) status is 0.
2025.09.15 16:34:29,944	INFO	3	org.l2jmobius.gameserver.managers.GrandBossManager	GrandBossManager: Valakas(29028) status is 0.
2025.09.15 16:34:29,944	INFO	3	org.l2jmobius.gameserver.managers.GrandBossManager	GrandBossManager: Frintezza(29045) status is 0.
2025.09.15 16:34:29,944	INFO	3	org.l2jmobius.gameserver.managers.GrandBossManager	GrandBossManager: Loaded 9 Instances
2025.09.15 16:34:30,319	INFO	3	org.l2jmobius.gameserver.managers.ZoneManager	ZoneManager: Loaded 29 zone classes and 2413 zones.
2025.09.15 16:34:30,327	INFO	3	org.l2jmobius.gameserver.managers.ZoneManager	ZoneManager: Last static id 200224.
2025.09.15 16:34:30,432	INFO	3	org.l2jmobius.commons.util.IXmlReader	DoorData: Loaded 547 doors.
2025.09.15 16:34:30,445	INFO	3	FenceData	FenceData: Loaded 1 fences.
2025.09.15 16:34:30,475	INFO	3	org.l2jmobius.gameserver.data.xml.LevelUpCrystalData	Soul crystal data : Loaded 39
2025.09.15 16:34:30,478	INFO	3	org.l2jmobius.gameserver.data.xml.LevelUpCrystalData	Npc leveling crystal data : Loaded 125
2025.09.15 16:34:30,502	INFO	3	org.l2jmobius.gameserver.managers.WalkingManager	WalkingManager: Loaded 14 walking routes.
2025.09.15 16:34:30,517	INFO	3	org.l2jmobius.commons.util.IXmlReader	StaticObjectData: Loaded 29 static object templates.
2025.09.15 16:34:30,548	INFO	3	org.l2jmobius.gameserver.managers.CastleManager	CastleManager: Loaded 9 castles
2025.09.15 16:34:30,560	INFO	3	org.l2jmobius.gameserver.data.SchemeBufferTable	SchemeBufferTable: Loaded 0 players schemes and 60 available buffs.
2025.09.15 16:34:30,562	INFO	3	org.l2jmobius.gameserver.managers.GrandBossManager	GrandBossManager: Initialized 10 Grand Boss Zones
2025.09.15 16:34:30,564	INFO	3	org.l2jmobius.gameserver.GameServer	------------------------------------------------=[ Olympiad ]
2025.09.15 16:34:30,578	INFO	3	org.l2jmobius.gameserver.model.olympiad.Olympiad	Olympiad System: Loading Olympiad System....
2025.09.15 16:34:30,578	INFO	3	org.l2jmobius.gameserver.model.olympiad.Olympiad	Olympiad System: Currently in Olympiad Period
2025.09.15 16:34:30,578	INFO	3	org.l2jmobius.gameserver.model.olympiad.Olympiad	Olympiad System: 15 days, 19 hours and 25 mins until period ends.
2025.09.15 16:34:30,581	INFO	3	org.l2jmobius.gameserver.model.olympiad.Olympiad	Olympiad System: Next weekly change is in 6 days, 23 hours and 19 mins.
2025.09.15 16:34:30,581	INFO	3	org.l2jmobius.gameserver.model.olympiad.Olympiad	Olympiad System: Loaded 0 Nobles
2025.09.15 16:34:30,589	INFO	3	org.l2jmobius.gameserver.model.olympiad.Olympiad	Olympiad System: Competition Period Starts in 0 days, 1 hours and 26 mins.
2025.09.15 16:34:30,629	INFO	3	org.l2jmobius.gameserver.model.olympiad.Olympiad	Olympiad System: Event starts/started : Mon Sep 15 18:00:30 GMT-03:00 2025
2025.09.15 16:34:30,638	INFO	3	org.l2jmobius.gameserver.model.olympiad.Hero	Hero System: Loaded 0 Heroes.
2025.09.15 16:34:30,638	INFO	3	org.l2jmobius.gameserver.model.olympiad.Hero	Hero System: Loaded 0 all time Heroes.
2025.09.15 16:34:30,639	INFO	3	org.l2jmobius.gameserver.GameServer	---------------------------------------------=[ Seven Signs ]
2025.09.15 16:34:30,645	INFO	3	org.l2jmobius.gameserver.model.sevensigns.SevenSigns	SevenSigns: Currently in the Competition (Quest Event) period!
2025.09.15 16:34:30,645	INFO	3	org.l2jmobius.gameserver.model.sevensigns.SevenSigns	SevenSigns: The Seal of Avarice remains unclaimed.
2025.09.15 16:34:30,646	INFO	3	org.l2jmobius.gameserver.model.sevensigns.SevenSigns	SevenSigns: The Seal of Gnosis remains unclaimed.
2025.09.15 16:34:30,647	INFO	3	org.l2jmobius.gameserver.model.sevensigns.SevenSigns	SevenSigns: The Seal of Strife remains unclaimed.
2025.09.15 16:34:30,647	INFO	3	org.l2jmobius.gameserver.model.sevensigns.SevenSigns	SevenSigns: The competition, if the current trend continues, will end in a tie this week.
2025.09.15 16:34:30,648	INFO	3	org.l2jmobius.gameserver.model.sevensigns.SevenSigns	SevenSigns: Next period change set to Mon Sep 15 18:00:30 GMT-03:00 2025
2025.09.15 16:34:30,649	INFO	3	org.l2jmobius.gameserver.model.sevensigns.SevenSigns	SevenSigns: Next period begins in 0 days, 1 hours and 25 mins.
2025.09.15 16:34:30,650	INFO	3	org.l2jmobius.gameserver.GameServer	---------------------------------------------------=[ Cache ]
2025.09.15 16:34:30,651	INFO	3	org.l2jmobius.gameserver.cache.HtmCache	Cache[HTML]: Running lazy cache.
2025.09.15 16:34:30,656	INFO	3	org.l2jmobius.gameserver.data.sql.CrestTable	CrestTable: Loaded 0 Crests.
2025.09.15 16:34:31,408	INFO	3	org.l2jmobius.gameserver.data.xml.TeleporterData	TeleporterData: Loaded 142 npc teleporters.
2025.09.15 16:34:31,482	INFO	3	org.l2jmobius.gameserver.data.AugmentationData	AugmentationData: Loaded 22640 augmentations.
2025.09.15 16:34:31,502	INFO	3	org.l2jmobius.gameserver.managers.CursedWeaponsManager	CursedWeaponsManager: Loaded : 2 cursed weapon(s).
2025.09.15 16:34:31,502	INFO	3	org.l2jmobius.gameserver.GameServer	-------------------------------------------------=[ Scripts ]
2025.09.15 16:34:31,502	INFO	3	org.l2jmobius.gameserver.GameServer	Loading server scripts...
2025.09.15 16:34:36,963	INFO	3	handlers.MasterHandler	Loading Handlers...
2025.09.15 16:34:37,145	INFO	3	handlers.MasterHandler	ActionHandler: Loaded 10 handlers.
2025.09.15 16:34:37,146	INFO	3	handlers.MasterHandler	ActionShiftHandler: Loaded 6 handlers.
2025.09.15 16:34:37,146	INFO	3	handlers.MasterHandler	AdminCommandHandler: Loaded 444 handlers.
2025.09.15 16:34:37,146	INFO	3	handlers.MasterHandler	BypassHandler: Loaded 38 handlers.
2025.09.15 16:34:37,146	INFO	3	handlers.MasterHandler	ChatHandler: Loaded 14 handlers.
2025.09.15 16:34:37,146	INFO	3	handlers.MasterHandler	CommunityBoardHandler: Loaded 27 handlers.
2025.09.15 16:34:37,147	INFO	3	handlers.MasterHandler	ItemHandler: Loaded 25 handlers.
2025.09.15 16:34:37,147	INFO	3	handlers.MasterHandler	PunishmentHandler: Loaded 3 handlers.
2025.09.15 16:34:37,147	INFO	3	handlers.MasterHandler	UserCommandHandler: Loaded 15 handlers.
2025.09.15 16:34:37,147	INFO	3	handlers.MasterHandler	VoicedCommandHandler: Loaded 7 handlers.
2025.09.15 16:34:37,147	INFO	3	handlers.MasterHandler	TargetHandler: Loaded 34 handlers.
2025.09.15 16:34:37,147	INFO	3	handlers.MasterHandler	Handlers Loaded...
2025.09.15 16:34:49,963	INFO	3	ai.areas.ImperialTomb.FourSepulchers.FourSepulchers	[Four Sepulchers] Loaded 762 spawn zones data.
2025.09.15 16:34:50,323	INFO	3	org.l2jmobius.commons.util.IXmlReader	NpcBuffersData: Loaded 10 buffers data.
2025.09.15 16:34:50,441	CONFIG	3	conquerablehalls.BanditStronghold.BanditStronghold	Bandit StrongHold siege scheduled for Mon Sep 29 12:00:00 GMT-03:00 2025.
2025.09.15 16:34:50,488	CONFIG	3	conquerablehalls.DevastatedCastle.DevastatedCastle	Devastated Castle siege scheduled for Mon Sep 29 12:00:00 GMT-03:00 2025.
2025.09.15 16:34:50,500	CONFIG	3	conquerablehalls.FortressOfResistance.FortressOfResistance	Fortress of Resistance siege scheduled for Mon Sep 29 12:00:00 GMT-03:00 2025.
2025.09.15 16:34:50,521	CONFIG	3	conquerablehalls.FortressOfTheDead.FortressOfTheDead	Fortress of the Dead siege scheduled for Mon Sep 29 12:00:00 GMT-03:00 2025.
2025.09.15 16:34:50,532	CONFIG	3	conquerablehalls.RainbowSpringsChateau.RainbowSpringsChateau	Rainbow Springs siege scheduled for Mon Sep 29 12:00:00 GMT-03:00 2025.
2025.09.15 16:34:50,584	CONFIG	3	conquerablehalls.WildBeastReserve.WildBeastReserve	Beast Farm siege scheduled for Mon Sep 29 12:00:00 GMT-03:00 2025.
2025.09.15 16:34:50,813	INFO	3	org.l2jmobius.gameserver.model.quest.Quest	Event Christmas has passed... Ignored 
2025.09.15 16:34:50,855	INFO	3	org.l2jmobius.gameserver.model.quest.Quest	Event Heavy Medal has passed... Ignored 
2025.09.15 16:34:50,877	INFO	3	org.l2jmobius.gameserver.model.quest.Quest	Event L2 Day has passed... Ignored 
2025.09.15 16:34:52,448	INFO	3	org.l2jmobius.gameserver.data.xml.SpawnData	SpawnData: Initializing spawns...
2025.09.15 16:35:00,354	INFO	3	org.l2jmobius.gameserver.data.xml.SpawnData	SpawnData: 35846 spawns have been initialized!
2025.09.15 16:35:00,365	INFO	3	org.l2jmobius.gameserver.managers.DayNightSpawnManager	DayNightSpawnManager: Removed 0 day creatures
2025.09.15 16:35:00,446	INFO	3	org.l2jmobius.gameserver.managers.DayNightSpawnManager	DayNightSpawnManager: Spawned 684 night creatures
2025.09.15 16:35:00,464	INFO	3	org.l2jmobius.gameserver.managers.DimensionalRiftManager	DimensionalRiftManager: Loaded 7 room types with 56 rooms.
2025.09.15 16:35:00,511	INFO	3	org.l2jmobius.gameserver.managers.DimensionalRiftManager	DimensionalRiftManager: Loaded 462 dimensional rift spawns, 0 errors.
2025.09.15 16:35:00,607	INFO	3	org.l2jmobius.gameserver.managers.RaidBossSpawnManager	RaidBossSpawnManager: Loaded 189 Instances
2025.09.15 16:35:00,607	INFO	3	org.l2jmobius.gameserver.managers.RaidBossSpawnManager	RaidBossSpawnManager: Scheduled 0 Instances
2025.09.15 16:35:00,607	INFO	3	org.l2jmobius.gameserver.GameServer	---------------------------------------------------=[ Siege ]
2025.09.15 16:35:00,664	INFO	3	org.l2jmobius.gameserver.data.xml.SiegeScheduleData	SiegeScheduleData: Loaded 9 siege schedulers.
2025.09.15 16:35:00,666	INFO	3	org.l2jmobius.gameserver.model.siege.Siege	Siege of Gludio: Sun Sep 28 16:00:00 GMT-03:00 2025
2025.09.15 16:35:00,671	INFO	3	org.l2jmobius.gameserver.model.siege.Siege	Siege of Dion: Sun Sep 28 20:00:00 GMT-03:00 2025
2025.09.15 16:35:00,673	INFO	3	org.l2jmobius.gameserver.model.siege.Siege	Siege of Giran: Sun Sep 28 16:00:00 GMT-03:00 2025
2025.09.15 16:35:00,675	INFO	3	org.l2jmobius.gameserver.model.siege.Siege	Siege of Oren: Sun Sep 28 20:00:00 GMT-03:00 2025
2025.09.15 16:35:00,679	INFO	3	org.l2jmobius.gameserver.model.siege.Siege	Siege of Aden: Sun Sep 28 16:00:00 GMT-03:00 2025
2025.09.15 16:35:00,681	INFO	3	org.l2jmobius.gameserver.model.siege.Siege	Siege of Innadril: Sun Sep 28 20:00:00 GMT-03:00 2025
2025.09.15 16:35:00,685	INFO	3	org.l2jmobius.gameserver.model.siege.Siege	Siege of Goddard: Sun Sep 28 16:00:00 GMT-03:00 2025
2025.09.15 16:35:00,689	INFO	3	org.l2jmobius.gameserver.model.siege.Siege	Siege of Rune: Sun Sep 28 20:00:00 GMT-03:00 2025
2025.09.15 16:35:00,694	INFO	3	org.l2jmobius.gameserver.model.siege.Siege	Siege of Schuttgart: Sun Sep 28 16:00:00 GMT-03:00 2025
2025.09.15 16:35:00,754	INFO	3	org.l2jmobius.commons.util.IXmlReader	CastleManorManager: Loaded 258 seeds.
2025.09.15 16:35:00,779	INFO	3	org.l2jmobius.commons.util.IXmlReader	CastleManorManager: Manor data loaded.
2025.09.15 16:35:00,802	INFO	3	org.l2jmobius.gameserver.managers.MercTicketManager	MercTicketManager: Loaded 0 Mercenary Tickets
2025.09.15 16:35:00,803	INFO	3	org.l2jmobius.gameserver.managers.QuestManager	QuestManager: Loaded 342 quests.
2025.09.15 16:35:00,803	INFO	3	org.l2jmobius.gameserver.managers.QuestManager	QuestManager: Loaded 122 scripts.
2025.09.15 16:35:00,817	INFO	3	org.l2jmobius.gameserver.managers.games.MonsterRaceManager	MonsterRace: loaded 1 records, currently on race #2
2025.09.15 16:35:01,035	INFO	3	org.l2jmobius.gameserver.model.sevensigns.SevenSignsFestival	SevenSignsFestival: The first Festival of Darkness cycle begins in 2 minute(s).
2025.09.15 16:35:01,035	INFO	3	org.l2jmobius.gameserver.GameServer	AutoSpawnHandler: Loaded 124 handlers in total.
2025.09.15 16:35:01,076	INFO	3	org.l2jmobius.gameserver.taskmanagers.PersistentTaskManager	PersistentTaskManager: Loaded 7 Tasks.
2025.09.15 16:35:01,081	INFO	3	org.l2jmobius.gameserver.managers.DailyResetManager	DailyResetManager: Daily task will run now.
2025.09.15 16:35:01,082	INFO	3	org.l2jmobius.gameserver.managers.DailyResetManager	Starting reset of daily tasks...
2025.09.15 16:35:01,082	INFO	3	org.l2jmobius.gameserver.managers.DailyResetManager	Daily tasks reset completed.
2025.09.15 16:35:01,093	INFO	3	org.l2jmobius.gameserver.managers.PunishmentManager	PunishmentManager: Loaded 0 active and 0 expired punishments.
2025.09.15 16:35:01,098	INFO	3	org.l2jmobius.gameserver.GameServer	IdManager: Free ObjectID's remaining: 1879007692
2025.09.15 16:35:01,112	INFO	3	org.l2jmobius.gameserver.data.sql.OfflineTraderTable	OfflineTraderTable: Loading offline traders...
2025.09.15 16:35:01,115	INFO	3	org.l2jmobius.gameserver.data.sql.OfflineTraderTable	OfflineTraderTable: Loaded 0 offline traders.
2025.09.15 16:35:01,140	INFO	115	org.l2jmobius.commons.util.DeadlockWatcher	DeadlockWatcher: Thread started.
2025.09.15 16:35:05,765	INFO	3	org.l2jmobius.gameserver.GameServer	GameServer: Started, using 504 of 4096 MB total memory.
2025.09.15 16:35:05,765	INFO	3	org.l2jmobius.gameserver.GameServer	GameServer: Maximum number of connected players is 2000.
2025.09.15 16:35:05,770	INFO	3	org.l2jmobius.gameserver.GameServer	GameServer: Server loaded in 60 seconds.
2025.09.15 16:35:06,551	INFO	117	org.l2jmobius.gameserver.LoginServerThread	LoginServerThread: Connecting to login on 127.0.0.1:9014
2025.09.15 16:35:06,890	INFO	117	org.l2jmobius.gameserver.LoginServerThread	LoginServerThread: Registered on login as Server 2: Sieghardt
2025.09.15 16:38:43,183	WARNING	131	org.l2jmobius.gameserver.model.actor.Creature	Master access level set for character marcos! Just a warning to be careful ;)
2025.09.15 16:41:26,097	WARNING	165	org.l2jmobius.gameserver.handler.AdminCommandHandler	No handler registered for admin command 'admin_lvl'
2025.09.15 16:41:29,856	WARNING	166	org.l2jmobius.gameserver.handler.AdminCommandHandler	No handler registered for admin command 'admin_level'
2025.09.15 16:41:33,944	WARNING	167	org.l2jmobius.gameserver.handler.AdminCommandHandler	No handler registered for admin command 'admin_exp'
2025.09.15 16:42:53,926	WARNING	90	handlers.admincommandhandlers.AdminShop	no buylist with id:10007
2025.09.15 16:44:32,802	WARNING	165	org.l2jmobius.gameserver.handler.AdminCommandHandler	No handler registered for admin command 'admin_chancelvl'
2025.09.15 16:44:44,900	WARNING	169	org.l2jmobius.gameserver.handler.AdminCommandHandler	No handler registered for admin command 'admin_chengelvl'
2025.09.15 16:45:05,640	WARNING	93	org.l2jmobius.gameserver.model.actor.Creature	Master access level set for character marcos! Just a warning to be careful ;)
2025.09.15 16:45:27,694	WARNING	174	org.l2jmobius.gameserver.handler.AdminCommandHandler	No handler registered for admin command 'admin_chancelvl'
2025.09.15 16:45:56,711	WARNING	97	org.l2jmobius.gameserver.model.actor.Creature	Event GM access level set for character marcos! Just a warning to be careful ;)
2025.09.15 16:48:09,175	WARNING	170	org.l2jmobius.gameserver.model.actor.Creature	Master access level set for character marcos! Just a warning to be careful ;)
2025.09.15 16:54:08,649	WARNING	164	org.l2jmobius.gameserver.model.actor.Creature	Master access level set for character marcos! Just a warning to be careful ;)
2025.09.15 17:00:00,134	INFO	90	org.l2jmobius.gameserver.managers.DayNightSpawnManager	DayNightSpawnManager: Removed 684 night creatures
2025.09.15 17:00:00,165	INFO	90	org.l2jmobius.gameserver.managers.DayNightSpawnManager	DayNightSpawnManager: Spawned 232 day creatures
2025.09.15 17:00:01,851	WARNING	166	org.l2jmobius.gameserver.handler.AdminCommandHandler	No handler registered for admin command 'admin_add_skills'
2025.09.15 17:02:35,771	WARNING	181	org.l2jmobius.gameserver.handler.AdminCommandHandler	No handler registered for admin command 'admin_add_skill]'
2025.09.15 17:05:01,106	INFO	71	org.l2jmobius.gameserver.taskmanagers.tasks.TaskSevenSignsUpdate	SevenSigns: Data updated successfully.
2025.09.15 17:05:01,126	INFO	64	org.l2jmobius.gameserver.managers.GlobalVariablesManager	GlobalVariablesManager: Stored 5 variables.
2025.09.15 17:34:23,951	WARNING	117	org.l2jmobius.gameserver.LoginServerThread	LoginServerThread: LoginServer not available, trying to reconnect...
2025.09.15 17:34:26,374	WARNING	42	org.l2jmobius.gameserver.Shutdown	Server scheduled restart issued shutdown command. Shutdown in 1 seconds!
2025.09.15 17:34:27,377	WARNING	287	org.l2jmobius.gameserver.Shutdown	GM shutdown countdown is over. shutting down NOW!
2025.09.15 17:34:27,386	INFO	287	org.l2jmobius.gameserver.Shutdown	All players disconnected and saved(0ms).
2025.09.15 17:34:27,387	INFO	287	org.l2jmobius.gameserver.Shutdown	Game Time Task Manager: Thread interruped(3ms).
2025.09.15 17:34:27,387	INFO	287	org.l2jmobius.commons.threads.ThreadPool	ThreadPool: Shutting down.
2025.09.15 17:34:27,390	INFO	287	org.l2jmobius.gameserver.Shutdown	Thread Pool Manager: Manager has been shut down(2ms).
2025.09.15 17:34:27,391	INFO	287	org.l2jmobius.gameserver.Shutdown	Login Server Thread: Thread interruped(1ms).
2025.09.15 17:34:27,391	INFO	287	org.l2jmobius.gameserver.Shutdown	GM shutdown received. Shutting down NOW!
2025.09.15 17:34:27,398	INFO	117	org.l2jmobius.gameserver.LoginServerThread	LoginServerThread: Connecting to login on 127.0.0.1:9014
2025.09.15 17:34:27,400	INFO	287	org.l2jmobius.gameserver.Shutdown	SevenSignsFestival: Festival data saved(9ms).
2025.09.15 17:34:27,401	INFO	287	org.l2jmobius.gameserver.Shutdown	SevenSigns: Seven Signs data saved(1ms).
2025.09.15 17:34:27,407	INFO	287	org.l2jmobius.gameserver.Shutdown	SevenSigns: Seven Signs status saved(6ms).
2025.09.15 17:34:27,408	WARNING	117	org.l2jmobius.gameserver.LoginServerThread	LoginServerThread: LoginServer not available, trying to reconnect...
2025.09.15 17:34:27,491	INFO	287	org.l2jmobius.gameserver.Shutdown	RaidBossSpawnManager: All raidboss info saved(84ms).
2025.09.15 17:34:27,498	INFO	287	org.l2jmobius.gameserver.Shutdown	GrandBossManager: All Grand Boss info saved(7ms).
2025.09.15 17:34:27,501	INFO	287	org.l2jmobius.gameserver.Shutdown	Olympiad System: Data saved(3ms).
2025.09.15 17:34:27,506	INFO	287	org.l2jmobius.gameserver.Shutdown	Hero System: Data saved(5ms).
2025.09.15 17:34:27,506	INFO	287	org.l2jmobius.gameserver.Shutdown	Clan System: Data saved(0ms).
2025.09.15 17:34:27,510	INFO	287	org.l2jmobius.gameserver.Shutdown	Cursed Weapons Manager: Data saved(4ms).
2025.09.15 17:34:27,516	INFO	287	org.l2jmobius.gameserver.Shutdown	Castle Manor Manager: Data saved(5ms).
2025.09.15 17:34:27,520	CONFIG	287	conquerablehalls.FortressOfTheDead.FortressOfTheDead	FortressOfTheDead: Successfully saved attackers to database.
2025.09.15 17:34:27,521	CONFIG	287	conquerablehalls.DevastatedCastle.DevastatedCastle	DevastatedCastle: Successfully saved attackers to database.
2025.09.15 17:34:27,521	CONFIG	287	conquerablehalls.BanditStronghold.BanditStronghold	BanditStronghold: Successfully saved attackers to database.
2025.09.15 17:34:27,522	CONFIG	287	conquerablehalls.FortressOfResistance.FortressOfResistance	FortressOfResistance: Successfully saved attackers to database.
2025.09.15 17:34:27,524	CONFIG	287	conquerablehalls.RainbowSpringsChateau.RainbowSpringsChateau	RainbowSpringsChateau: Successfully saved attackers to database.
2025.09.15 17:34:27,525	CONFIG	287	conquerablehalls.WildBeastReserve.WildBeastReserve	WildBeastReserve: Successfully saved attackers to database.
2025.09.15 17:34:27,525	INFO	287	org.l2jmobius.gameserver.Shutdown	CHSiegeManager: Siegable hall attacker lists saved!
2025.09.15 17:34:27,526	INFO	287	org.l2jmobius.gameserver.Shutdown	Quest Manager: Data saved(11ms).
2025.09.15 17:34:27,552	INFO	287	org.l2jmobius.gameserver.managers.GlobalVariablesManager	GlobalVariablesManager: Stored 5 variables.
2025.09.15 17:34:27,552	INFO	287	org.l2jmobius.gameserver.Shutdown	Global Variables Manager: Variables saved(26ms).
2025.09.15 17:34:27,553	INFO	287	org.l2jmobius.gameserver.Shutdown	Fishing Championship data has been saved.
2025.09.15 17:34:27,595	INFO	287	org.l2jmobius.gameserver.Shutdown	SchemeBufferTable data has been saved.
