2025.09.15 15:24:46,129	INFO	3	org.l2jmobius.commons.util.IXmlReader	Network Config: ipconfig.xml does not exist, using automatic configuration...
2025.09.15 15:24:46,639	INFO	3	org.l2jmobius.commons.util.IXmlReader	Network Config: Adding new subnet: 192.168.56.0/24 address: 192.168.56.1
2025.09.15 15:24:46,640	INFO	3	org.l2jmobius.commons.util.IXmlReader	Network Config: Adding new subnet: 127.0.0.0/8 address: 127.0.0.1
2025.09.15 15:24:46,644	INFO	3	org.l2jmobius.commons.util.IXmlReader	Network Config: Adding new subnet: 192.168.15.0/24 address: 192.168.15.9
2025.09.15 15:24:46,645	INFO	3	org.l2jmobius.commons.util.IXmlReader	Network Config: Adding new subnet: 0.0.0.0/0 address: 189.111.92.239
2025.09.15 15:24:46,731	INFO	3	org.l2jmobius.Config	Loaded 6 Filter Words.
2025.09.15 15:24:46,733	INFO	3	org.l2jmobius.gameserver.GameServer	------------------------------------------------=[ Database ]
2025.09.15 15:24:47,161	INFO	3	org.l2jmobius.commons.database.DatabaseFactory	Database: HikariCP pool initialized successfully.
2025.09.15 15:24:47,450	INFO	3	org.l2jmobius.commons.database.DatabaseFactory	Database: Initialized with a valid connection.
2025.09.15 15:24:47,461	INFO	3	org.l2jmobius.gameserver.GameServer	----------------------------------------------=[ ThreadPool ]
2025.09.15 15:24:47,463	INFO	3	org.l2jmobius.commons.threads.ThreadPool	ThreadPool: Initialized
2025.09.15 15:24:47,464	INFO	3	org.l2jmobius.commons.threads.ThreadPool	...scheduled pool executor with 8 high priority threads.
2025.09.15 15:24:47,470	INFO	3	org.l2jmobius.commons.threads.ThreadPool	...scheduled pool executor with 32 total threads.
2025.09.15 15:24:47,470	INFO	3	org.l2jmobius.commons.threads.ThreadPool	...instant pool executor with 16 total threads.
2025.09.15 15:24:47,472	INFO	3	org.l2jmobius.gameserver.GameServer	-----------------------------------------------=[ IdManager ]
2025.09.15 15:24:47,585	INFO	3	org.l2jmobius.gameserver.managers.DatabaseIdManager	DatabaseIdManager: Cleaned 0 elements in 0 seconds.
2025.09.15 15:24:47,594	INFO	3	org.l2jmobius.gameserver.managers.DatabaseIdManager	DatabaseIdManager: Updated character online status.
2025.09.15 15:24:47,608	INFO	3	org.l2jmobius.gameserver.managers.DatabaseIdManager	DatabaseIdManager: Cleaned 0 expired timestamps.
2025.09.15 15:24:47,675	INFO	3	org.l2jmobius.gameserver.managers.IdManager	IdManager: 102912 ids available.
2025.09.15 15:24:47,675	INFO	3	org.l2jmobius.gameserver.GameServer	----------------------------------------=[ Scripting Engine ]
2025.09.15 15:24:48,030	INFO	3	org.l2jmobius.gameserver.scripting.ScriptManager	Loaded 381 files to exclude.
2025.09.15 15:24:48,030	INFO	3	org.l2jmobius.gameserver.GameServer	---------------------------------------------------=[ World ]
2025.09.15 15:24:48,041	INFO	3	org.l2jmobius.commons.util.IXmlReader	InstanceManager: Multiverse Instance created.
2025.09.15 15:24:48,041	INFO	3	org.l2jmobius.commons.util.IXmlReader	InstanceManager: Universe Instance created.
2025.09.15 15:24:48,069	INFO	3	org.l2jmobius.commons.util.IXmlReader	InstanceManager: Loaded 2 instance templates.
2025.09.15 15:24:48,290	INFO	3	org.l2jmobius.commons.util.IXmlReader	MapRegionManager: Loaded 42 map regions.
2025.09.15 15:24:48,313	INFO	3	org.l2jmobius.gameserver.managers.GlobalVariablesManager	GlobalVariablesManager: Loaded 2 variables.
2025.09.15 15:24:48,313	INFO	3	org.l2jmobius.gameserver.GameServer	----------------------------------------------------=[ Data ]
2025.09.15 15:24:48,362	INFO	3	org.l2jmobius.gameserver.data.xml.CategoryData	CategoryData: Loaded 160 categories.
2025.09.15 15:24:48,370	INFO	3	org.l2jmobius.gameserver.GameServer	--------------------------------------------------=[ Skills ]
2025.09.15 15:24:50,999	INFO	3	handlers.EffectMasterHandler	EffectMasterHandler: Loaded 145 effect handlers.
2025.09.15 15:24:51,216	INFO	3	org.l2jmobius.gameserver.data.sql.EnchantSkillTreesTable	EnchantSkillTreesTable: Loaded 14520 enchant skills.
2025.09.15 15:24:52,004	INFO	3	org.l2jmobius.commons.util.IXmlReader	SkillTreeData: Loaded 13777 Class Skills for 89 class skill trees.
2025.09.15 15:24:52,005	INFO	3	org.l2jmobius.commons.util.IXmlReader	SkillTreeData: Loaded 117 fishing skills, 8 Dwarven only fishing skills.
2025.09.15 15:24:52,009	INFO	3	org.l2jmobius.commons.util.IXmlReader	SkillTreeData: Loaded 64 clan skills, 64 for clan and 0 residential.
2025.09.15 15:24:52,009	INFO	3	org.l2jmobius.commons.util.IXmlReader	SkillTreeData: Loaded 8 noble skills.
2025.09.15 15:24:52,010	INFO	3	org.l2jmobius.commons.util.IXmlReader	SkillTreeData: Loaded 5 hero skills.
2025.09.15 15:24:52,010	INFO	3	org.l2jmobius.commons.util.IXmlReader	SkillTreeData: Loaded 25 game master skills.
2025.09.15 15:24:52,010	INFO	3	org.l2jmobius.commons.util.IXmlReader	SkillTreeData: Loaded 1 game master aura skills.
2025.09.15 15:24:54,356	INFO	3	org.l2jmobius.gameserver.data.xml.SkillData	SkillData: Loaded 29865 Skill templates from XML files.
2025.09.15 15:24:54,405	INFO	3	org.l2jmobius.gameserver.data.xml.PetSkillData	PetSkillData: Loaded 795 skills.
2025.09.15 15:24:54,406	INFO	3	org.l2jmobius.gameserver.GameServer	---------------------------------------------------=[ Items ]
2025.09.15 15:24:55,287	INFO	3	org.l2jmobius.gameserver.data.xml.ItemData	ItemData: Highest item id used: 50000
2025.09.15 15:24:55,291	INFO	3	org.l2jmobius.gameserver.data.xml.ItemData	ItemData: Loaded 6882 etc items.
2025.09.15 15:24:55,292	INFO	3	org.l2jmobius.gameserver.data.xml.ItemData	ItemData: Loaded 1106 armor items.
2025.09.15 15:24:55,292	INFO	3	org.l2jmobius.gameserver.data.xml.ItemData	ItemData: Loaded 1223 weapon items.
2025.09.15 15:24:55,293	INFO	3	org.l2jmobius.gameserver.data.xml.ItemData	ItemData: Loaded 9211 items in total.
2025.09.15 15:24:55,306	INFO	3	org.l2jmobius.commons.util.IXmlReader	EnchantItemGroupsData: Loaded 4 item group templates.
2025.09.15 15:24:55,307	INFO	3	org.l2jmobius.commons.util.IXmlReader	EnchantItemGroupsData: Loaded 1 scroll group templates.
2025.09.15 15:24:55,307	INFO	3	org.l2jmobius.commons.util.IXmlReader	EnchantItemGroupsData: Max weapon enchant is set to 16.
2025.09.15 15:24:55,307	INFO	3	org.l2jmobius.commons.util.IXmlReader	EnchantItemGroupsData: Max armor enchant is set to 16.
2025.09.15 15:24:55,308	INFO	3	org.l2jmobius.commons.util.IXmlReader	EnchantItemGroupsData: Max accessory enchant is set to 16.
2025.09.15 15:24:55,321	INFO	3	org.l2jmobius.commons.util.IXmlReader	EnchantItemData: Loaded 30 enchant scrolls.
2025.09.15 15:24:56,409	INFO	3	org.l2jmobius.gameserver.data.xml.OptionData	OptionData: Loaded 16380 options.
2025.09.15 15:24:56,425	INFO	3	org.l2jmobius.commons.util.IXmlReader	EnchantItemHPBonusData: Loaded 6 enchant HP bonuses.
2025.09.15 15:24:56,430	INFO	3	org.l2jmobius.gameserver.data.MerchantPriceConfigTable	MerchantPriceConfigTable: Loaded 28 merchant price configs.
2025.09.15 15:24:58,467	WARNING	3	org.l2jmobius.commons.util.IXmlReader	Directory not found: C:\Users\marcos\Desktop\L2J_Mobius\build\L2J_Mobius_CT_0_Interlude\game\data\buylists\custom
2025.09.15 15:24:58,468	INFO	3	org.l2jmobius.gameserver.data.xml.BuyListData	BuyListData: Loaded 616 buyLists.
2025.09.15 15:24:59,197	INFO	3	org.l2jmobius.commons.util.IXmlReader	MultisellData: Loaded 93 multisell lists.
2025.09.15 15:24:59,310	INFO	3	org.l2jmobius.commons.util.IXmlReader	RecipeData: Loaded 871 recipes.
2025.09.15 15:24:59,357	INFO	3	org.l2jmobius.commons.util.IXmlReader	ArmorSetData: Loaded 51 armor sets.
2025.09.15 15:24:59,393	INFO	3	org.l2jmobius.commons.util.IXmlReader	FishData: Loaded 278 fishes.
2025.09.15 15:24:59,401	INFO	3	org.l2jmobius.commons.util.IXmlReader	FishingMonstersData: Loaded 8 fishing monsters.
2025.09.15 15:24:59,410	INFO	3	org.l2jmobius.commons.util.IXmlReader	FishingRodsData: Loaded 6 fishing rods.
2025.09.15 15:24:59,487	INFO	3	org.l2jmobius.commons.util.IXmlReader	HennaData: Loaded 180 henna data.
2025.09.15 15:24:59,491	INFO	3	org.l2jmobius.gameserver.GameServer	----------------------------------------------=[ Characters ]
2025.09.15 15:24:59,507	INFO	3	org.l2jmobius.gameserver.data.xml.ClassListData	ClassListData: Loaded 89 class data.
2025.09.15 15:24:59,522	INFO	3	org.l2jmobius.commons.util.IXmlReader	InitialEquipmentData: Loaded 9 initial equipment data.
2025.09.15 15:24:59,537	INFO	3	org.l2jmobius.commons.util.IXmlReader	InitialShortcutData: Loaded 5 initial global shortcut data.
2025.09.15 15:24:59,538	INFO	3	org.l2jmobius.commons.util.IXmlReader	InitialShortcutData: Loaded 4 initial shortcut data.
2025.09.15 15:24:59,539	INFO	3	org.l2jmobius.commons.util.IXmlReader	InitialShortcutData: Loaded 0 macro presets.
2025.09.15 15:24:59,558	INFO	3	org.l2jmobius.gameserver.data.xml.ExperienceData	ExperienceData: Loaded 81 levels.
2025.09.15 15:24:59,559	INFO	3	org.l2jmobius.gameserver.data.xml.ExperienceData	ExperienceData: Max Player Level is 80.
2025.09.15 15:24:59,560	INFO	3	org.l2jmobius.gameserver.data.xml.ExperienceData	ExperienceData: Max Pet Level is 80.
2025.09.15 15:24:59,595	INFO	3	org.l2jmobius.commons.util.IXmlReader	KarmaData: Loaded 80 karma modifiers.
2025.09.15 15:24:59,606	INFO	3	org.l2jmobius.commons.util.IXmlReader	HitConditionBonusData: Loaded hit condition bonuses.
2025.09.15 15:25:00,539	INFO	3	org.l2jmobius.gameserver.data.xml.PlayerTemplateData	PlayerTemplateData: Loaded 89 character templates.
2025.09.15 15:25:00,539	INFO	3	org.l2jmobius.gameserver.data.xml.PlayerTemplateData	PlayerTemplateData: Loaded 42720 level up gain records.
2025.09.15 15:25:00,545	INFO	3	org.l2jmobius.gameserver.data.sql.CharInfoTable	CharInfoTable: Loaded 0 char names.
2025.09.15 15:25:00,567	INFO	3	org.l2jmobius.gameserver.data.xml.AdminData	AdminData: Loaded 10 access levels.
2025.09.15 15:25:00,579	INFO	3	org.l2jmobius.gameserver.data.xml.AdminData	AdminData: Loaded 432 access commands.
2025.09.15 15:25:00,585	INFO	3	org.l2jmobius.gameserver.managers.RaidBossPointsManager	RaidBossPointsManager: Loaded 0 Characters Raid Points.
2025.09.15 15:25:00,779	INFO	3	org.l2jmobius.commons.util.IXmlReader	PetDataTable: Loaded 12 pets.
2025.09.15 15:25:00,811	INFO	3	org.l2jmobius.gameserver.GameServer	---------------------------------------------------=[ Clans ]
2025.09.15 15:25:00,851	INFO	3	org.l2jmobius.gameserver.communitybbs.Manager.ForumsBBSManager	ForumsBBSManager: Loaded 4 forums. Last forum id used: 4
2025.09.15 15:25:00,852	INFO	3	org.l2jmobius.gameserver.data.sql.ClanTable	ClanTable: Restored 0 clans from the database.
2025.09.15 15:25:00,924	INFO	3	org.l2jmobius.gameserver.managers.CHSiegeManager	CHSiegeManager: Loaded 6 conquerable clan halls.
2025.09.15 15:25:00,936	INFO	3	org.l2jmobius.gameserver.managers.ClanHallAuctionManager	ClanHallAuctionManager: Loaded 0 auction(s)
2025.09.15 15:25:00,956	INFO	3	org.l2jmobius.gameserver.managers.ClanHallAuctionManager	ClanHallAuctionManager: Created auction for ClanHall: 22
2025.09.15 15:25:00,976	INFO	3	org.l2jmobius.gameserver.managers.ClanHallAuctionManager	ClanHallAuctionManager: Created auction for ClanHall: 23
2025.09.15 15:25:00,991	INFO	3	org.l2jmobius.gameserver.managers.ClanHallAuctionManager	ClanHallAuctionManager: Created auction for ClanHall: 24
2025.09.15 15:25:01,009	INFO	3	org.l2jmobius.gameserver.managers.ClanHallAuctionManager	ClanHallAuctionManager: Created auction for ClanHall: 25
2025.09.15 15:25:01,022	INFO	3	org.l2jmobius.gameserver.managers.ClanHallAuctionManager	ClanHallAuctionManager: Created auction for ClanHall: 26
2025.09.15 15:25:01,036	INFO	3	org.l2jmobius.gameserver.managers.ClanHallAuctionManager	ClanHallAuctionManager: Created auction for ClanHall: 27
2025.09.15 15:25:01,054	INFO	3	org.l2jmobius.gameserver.managers.ClanHallAuctionManager	ClanHallAuctionManager: Created auction for ClanHall: 28
2025.09.15 15:25:01,068	INFO	3	org.l2jmobius.gameserver.managers.ClanHallAuctionManager	ClanHallAuctionManager: Created auction for ClanHall: 29
2025.09.15 15:25:01,087	INFO	3	org.l2jmobius.gameserver.managers.ClanHallAuctionManager	ClanHallAuctionManager: Created auction for ClanHall: 30
2025.09.15 15:25:01,109	INFO	3	org.l2jmobius.gameserver.managers.ClanHallAuctionManager	ClanHallAuctionManager: Created auction for ClanHall: 31
2025.09.15 15:25:01,121	INFO	3	org.l2jmobius.gameserver.managers.ClanHallAuctionManager	ClanHallAuctionManager: Created auction for ClanHall: 32
2025.09.15 15:25:01,133	INFO	3	org.l2jmobius.gameserver.managers.ClanHallAuctionManager	ClanHallAuctionManager: Created auction for ClanHall: 33
2025.09.15 15:25:01,145	INFO	3	org.l2jmobius.gameserver.managers.ClanHallAuctionManager	ClanHallAuctionManager: Created auction for ClanHall: 36
2025.09.15 15:25:01,158	INFO	3	org.l2jmobius.gameserver.managers.ClanHallAuctionManager	ClanHallAuctionManager: Created auction for ClanHall: 37
2025.09.15 15:25:01,171	INFO	3	org.l2jmobius.gameserver.managers.ClanHallAuctionManager	ClanHallAuctionManager: Created auction for ClanHall: 38
2025.09.15 15:25:01,184	INFO	3	org.l2jmobius.gameserver.managers.ClanHallAuctionManager	ClanHallAuctionManager: Created auction for ClanHall: 39
2025.09.15 15:25:01,196	INFO	3	org.l2jmobius.gameserver.managers.ClanHallAuctionManager	ClanHallAuctionManager: Created auction for ClanHall: 40
2025.09.15 15:25:01,209	INFO	3	org.l2jmobius.gameserver.managers.ClanHallAuctionManager	ClanHallAuctionManager: Created auction for ClanHall: 41
2025.09.15 15:25:01,224	INFO	3	org.l2jmobius.gameserver.managers.ClanHallAuctionManager	ClanHallAuctionManager: Created auction for ClanHall: 42
2025.09.15 15:25:01,239	INFO	3	org.l2jmobius.gameserver.managers.ClanHallAuctionManager	ClanHallAuctionManager: Created auction for ClanHall: 43
2025.09.15 15:25:01,254	INFO	3	org.l2jmobius.gameserver.managers.ClanHallAuctionManager	ClanHallAuctionManager: Created auction for ClanHall: 44
2025.09.15 15:25:01,270	INFO	3	org.l2jmobius.gameserver.managers.ClanHallAuctionManager	ClanHallAuctionManager: Created auction for ClanHall: 45
2025.09.15 15:25:01,282	INFO	3	org.l2jmobius.gameserver.managers.ClanHallAuctionManager	ClanHallAuctionManager: Created auction for ClanHall: 46
2025.09.15 15:25:01,297	INFO	3	org.l2jmobius.gameserver.managers.ClanHallAuctionManager	ClanHallAuctionManager: Created auction for ClanHall: 47
2025.09.15 15:25:01,311	INFO	3	org.l2jmobius.gameserver.managers.ClanHallAuctionManager	ClanHallAuctionManager: Created auction for ClanHall: 48
2025.09.15 15:25:01,324	INFO	3	org.l2jmobius.gameserver.managers.ClanHallAuctionManager	ClanHallAuctionManager: Created auction for ClanHall: 49
2025.09.15 15:25:01,337	INFO	3	org.l2jmobius.gameserver.managers.ClanHallAuctionManager	ClanHallAuctionManager: Created auction for ClanHall: 50
2025.09.15 15:25:01,350	INFO	3	org.l2jmobius.gameserver.managers.ClanHallAuctionManager	ClanHallAuctionManager: Created auction for ClanHall: 51
2025.09.15 15:25:01,361	INFO	3	org.l2jmobius.gameserver.managers.ClanHallAuctionManager	ClanHallAuctionManager: Created auction for ClanHall: 52
2025.09.15 15:25:01,372	INFO	3	org.l2jmobius.gameserver.managers.ClanHallAuctionManager	ClanHallAuctionManager: Created auction for ClanHall: 53
2025.09.15 15:25:01,384	INFO	3	org.l2jmobius.gameserver.managers.ClanHallAuctionManager	ClanHallAuctionManager: Created auction for ClanHall: 54
2025.09.15 15:25:01,396	INFO	3	org.l2jmobius.gameserver.managers.ClanHallAuctionManager	ClanHallAuctionManager: Created auction for ClanHall: 55
2025.09.15 15:25:01,407	INFO	3	org.l2jmobius.gameserver.managers.ClanHallAuctionManager	ClanHallAuctionManager: Created auction for ClanHall: 56
2025.09.15 15:25:01,417	INFO	3	org.l2jmobius.gameserver.managers.ClanHallAuctionManager	ClanHallAuctionManager: Created auction for ClanHall: 57
2025.09.15 15:25:01,429	INFO	3	org.l2jmobius.gameserver.managers.ClanHallAuctionManager	ClanHallAuctionManager: Created auction for ClanHall: 58
2025.09.15 15:25:01,441	INFO	3	org.l2jmobius.gameserver.managers.ClanHallAuctionManager	ClanHallAuctionManager: Created auction for ClanHall: 59
2025.09.15 15:25:01,454	INFO	3	org.l2jmobius.gameserver.managers.ClanHallAuctionManager	ClanHallAuctionManager: Created auction for ClanHall: 60
2025.09.15 15:25:01,467	INFO	3	org.l2jmobius.gameserver.managers.ClanHallAuctionManager	ClanHallAuctionManager: Created auction for ClanHall: 61
2025.09.15 15:25:01,468	INFO	3	org.l2jmobius.gameserver.data.sql.ClanHallTable	ClanHallTable: Loaded 0 clan halls
2025.09.15 15:25:01,469	INFO	3	org.l2jmobius.gameserver.data.sql.ClanHallTable	ClanHallTable: Loaded 38 free clan halls
2025.09.15 15:25:01,469	INFO	3	org.l2jmobius.gameserver.GameServer	-------------------------------------------------=[ Geodata ]
2025.09.15 15:25:01,510	INFO	3	org.l2jmobius.gameserver.geoengine.GeoEngine	GeoEngine: Loaded 0 regions.
2025.09.15 15:25:01,510	INFO	3	org.l2jmobius.gameserver.geoengine.GeoEngine	GeoEngine: Pathfinding is disabled.
2025.09.15 15:25:01,511	INFO	3	org.l2jmobius.gameserver.GameServer	----------------------------------------------------=[ NPCs ]
2025.09.15 15:25:01,586	INFO	3	org.l2jmobius.gameserver.managers.ZoneManager	ZoneManager 12 by 17 Zone Region Grid set up.
2025.09.15 15:25:03,663	INFO	3	org.l2jmobius.commons.util.IXmlReader	NpcData: Loaded 6519 NPCs.
2025.09.15 15:25:03,729	INFO	3	org.l2jmobius.commons.util.IXmlReader	NpcData: Loaded 18 custom NPCs.
2025.09.15 15:25:03,742	INFO	3	org.l2jmobius.commons.util.IXmlReader	SkillLearnData: Loaded 217 skill learn data.
2025.09.15 15:25:03,750	INFO	3	org.l2jmobius.gameserver.managers.GrandBossManager	GrandBossManager: Gigantic Chaos Golem(25512) status is 0.
2025.09.15 15:25:03,754	INFO	3	org.l2jmobius.gameserver.managers.GrandBossManager	GrandBossManager: Queen Ant(29001) status is 0.
2025.09.15 15:25:03,754	INFO	3	org.l2jmobius.gameserver.managers.GrandBossManager	GrandBossManager: Core(29006) status is 0.
2025.09.15 15:25:03,755	INFO	3	org.l2jmobius.gameserver.managers.GrandBossManager	GrandBossManager: Orfen(29014) status is 0.
2025.09.15 15:25:03,755	INFO	3	org.l2jmobius.gameserver.managers.GrandBossManager	GrandBossManager: Antharas(29019) status is 0.
2025.09.15 15:25:03,756	INFO	3	org.l2jmobius.gameserver.managers.GrandBossManager	GrandBossManager: Baium(29020) status is 0.
2025.09.15 15:25:03,756	INFO	3	org.l2jmobius.gameserver.managers.GrandBossManager	GrandBossManager: Zaken(29022) status is 0.
2025.09.15 15:25:03,756	INFO	3	org.l2jmobius.gameserver.managers.GrandBossManager	GrandBossManager: Valakas(29028) status is 0.
2025.09.15 15:25:03,757	INFO	3	org.l2jmobius.gameserver.managers.GrandBossManager	GrandBossManager: Frintezza(29045) status is 0.
2025.09.15 15:25:03,757	INFO	3	org.l2jmobius.gameserver.managers.GrandBossManager	GrandBossManager: Loaded 9 Instances
2025.09.15 15:25:04,087	INFO	3	org.l2jmobius.gameserver.managers.ZoneManager	ZoneManager: Loaded 29 zone classes and 2413 zones.
2025.09.15 15:25:04,094	INFO	3	org.l2jmobius.gameserver.managers.ZoneManager	ZoneManager: Last static id 200224.
2025.09.15 15:25:04,222	INFO	3	org.l2jmobius.commons.util.IXmlReader	DoorData: Loaded 547 doors.
2025.09.15 15:25:04,243	INFO	3	FenceData	FenceData: Loaded 1 fences.
2025.09.15 15:25:04,285	INFO	3	org.l2jmobius.gameserver.data.xml.LevelUpCrystalData	Soul crystal data : Loaded 39
2025.09.15 15:25:04,286	INFO	3	org.l2jmobius.gameserver.data.xml.LevelUpCrystalData	Npc leveling crystal data : Loaded 125
2025.09.15 15:25:04,317	INFO	3	org.l2jmobius.gameserver.managers.WalkingManager	WalkingManager: Loaded 14 walking routes.
2025.09.15 15:25:04,341	INFO	3	org.l2jmobius.commons.util.IXmlReader	StaticObjectData: Loaded 29 static object templates.
2025.09.15 15:25:04,376	INFO	3	org.l2jmobius.gameserver.managers.CastleManager	CastleManager: Loaded 9 castles
2025.09.15 15:25:04,390	INFO	3	org.l2jmobius.gameserver.data.SchemeBufferTable	SchemeBufferTable: Loaded 0 players schemes and 60 available buffs.
2025.09.15 15:25:04,396	INFO	3	org.l2jmobius.gameserver.managers.GrandBossManager	GrandBossManager: Initialized 10 Grand Boss Zones
2025.09.15 15:25:04,397	INFO	3	org.l2jmobius.gameserver.GameServer	------------------------------------------------=[ Olympiad ]
2025.09.15 15:25:04,962	INFO	3	org.l2jmobius.gameserver.model.olympiad.Olympiad	Olympiad System: Loading Olympiad System....
2025.09.15 15:25:04,962	INFO	3	org.l2jmobius.gameserver.model.olympiad.Olympiad	Olympiad System: Currently in Olympiad Period
2025.09.15 15:25:04,963	INFO	3	org.l2jmobius.gameserver.model.olympiad.Olympiad	Olympiad System: 15 days, 20 hours and 34 mins until period ends.
2025.09.15 15:25:04,964	INFO	3	org.l2jmobius.gameserver.model.olympiad.Olympiad	Olympiad System: Next weekly change is in 6 days, 23 hours and 20 mins.
2025.09.15 15:25:04,965	INFO	3	org.l2jmobius.gameserver.model.olympiad.Olympiad	Olympiad System: Loaded 0 Nobles
2025.09.15 15:25:04,978	INFO	3	org.l2jmobius.gameserver.model.olympiad.Olympiad	Olympiad System: Competition Period Starts in 0 days, 2 hours and 34 mins.
2025.09.15 15:25:05,037	INFO	3	org.l2jmobius.gameserver.model.olympiad.Olympiad	Olympiad System: Event starts/started : Mon Sep 15 18:00:04 GMT-03:00 2025
2025.09.15 15:25:05,050	INFO	3	org.l2jmobius.gameserver.model.olympiad.Hero	Hero System: Loaded 0 Heroes.
2025.09.15 15:25:05,050	INFO	3	org.l2jmobius.gameserver.model.olympiad.Hero	Hero System: Loaded 0 all time Heroes.
2025.09.15 15:25:05,050	INFO	3	org.l2jmobius.gameserver.GameServer	---------------------------------------------=[ Seven Signs ]
2025.09.15 15:25:05,061	INFO	3	org.l2jmobius.gameserver.model.sevensigns.SevenSigns	SevenSigns: Currently in the Competition (Quest Event) period!
2025.09.15 15:25:05,062	INFO	3	org.l2jmobius.gameserver.model.sevensigns.SevenSigns	SevenSigns: The Seal of Avarice remains unclaimed.
2025.09.15 15:25:05,062	INFO	3	org.l2jmobius.gameserver.model.sevensigns.SevenSigns	SevenSigns: The Seal of Gnosis remains unclaimed.
2025.09.15 15:25:05,062	INFO	3	org.l2jmobius.gameserver.model.sevensigns.SevenSigns	SevenSigns: The Seal of Strife remains unclaimed.
2025.09.15 15:25:05,062	INFO	3	org.l2jmobius.gameserver.model.sevensigns.SevenSigns	SevenSigns: The competition, if the current trend continues, will end in a tie this week.
2025.09.15 15:25:05,063	INFO	3	org.l2jmobius.gameserver.model.sevensigns.SevenSigns	SevenSigns: Next period change set to Mon Sep 15 18:00:05 GMT-03:00 2025
2025.09.15 15:25:05,065	INFO	3	org.l2jmobius.gameserver.model.sevensigns.SevenSigns	SevenSigns: Next period begins in 0 days, 2 hours and 34 mins.
2025.09.15 15:25:05,065	INFO	3	org.l2jmobius.gameserver.GameServer	---------------------------------------------------=[ Cache ]
2025.09.15 15:25:05,068	INFO	3	org.l2jmobius.gameserver.cache.HtmCache	Cache[HTML]: Running lazy cache.
2025.09.15 15:25:05,076	INFO	3	org.l2jmobius.gameserver.data.sql.CrestTable	CrestTable: Loaded 0 Crests.
2025.09.15 15:25:05,812	INFO	3	org.l2jmobius.gameserver.data.xml.TeleporterData	TeleporterData: Loaded 142 npc teleporters.
2025.09.15 15:25:05,912	INFO	3	org.l2jmobius.gameserver.data.AugmentationData	AugmentationData: Loaded 22640 augmentations.
2025.09.15 15:25:05,930	INFO	3	org.l2jmobius.gameserver.managers.CursedWeaponsManager	CursedWeaponsManager: Loaded : 2 cursed weapon(s).
2025.09.15 15:25:05,931	INFO	3	org.l2jmobius.gameserver.GameServer	-------------------------------------------------=[ Scripts ]
2025.09.15 15:25:05,935	INFO	3	org.l2jmobius.gameserver.GameServer	Loading server scripts...
2025.09.15 15:25:11,792	INFO	3	handlers.MasterHandler	Loading Handlers...
2025.09.15 15:25:12,046	INFO	3	handlers.MasterHandler	ActionHandler: Loaded 10 handlers.
2025.09.15 15:25:12,047	INFO	3	handlers.MasterHandler	ActionShiftHandler: Loaded 6 handlers.
2025.09.15 15:25:12,047	INFO	3	handlers.MasterHandler	AdminCommandHandler: Loaded 444 handlers.
2025.09.15 15:25:12,053	INFO	3	handlers.MasterHandler	BypassHandler: Loaded 38 handlers.
2025.09.15 15:25:12,056	INFO	3	handlers.MasterHandler	ChatHandler: Loaded 14 handlers.
2025.09.15 15:25:12,058	INFO	3	handlers.MasterHandler	CommunityBoardHandler: Loaded 27 handlers.
2025.09.15 15:25:12,059	INFO	3	handlers.MasterHandler	ItemHandler: Loaded 25 handlers.
2025.09.15 15:25:12,059	INFO	3	handlers.MasterHandler	PunishmentHandler: Loaded 3 handlers.
2025.09.15 15:25:12,059	INFO	3	handlers.MasterHandler	UserCommandHandler: Loaded 15 handlers.
2025.09.15 15:25:12,060	INFO	3	handlers.MasterHandler	VoicedCommandHandler: Loaded 7 handlers.
2025.09.15 15:25:12,061	INFO	3	handlers.MasterHandler	TargetHandler: Loaded 34 handlers.
2025.09.15 15:25:12,065	INFO	3	handlers.MasterHandler	Handlers Loaded...
2025.09.15 15:25:26,297	INFO	3	ai.areas.ImperialTomb.FourSepulchers.FourSepulchers	[Four Sepulchers] Loaded 762 spawn zones data.
2025.09.15 15:25:26,511	INFO	3	org.l2jmobius.commons.util.IXmlReader	NpcBuffersData: Loaded 10 buffers data.
2025.09.15 15:25:26,597	CONFIG	3	conquerablehalls.BanditStronghold.BanditStronghold	Bandit StrongHold siege scheduled for Mon Sep 29 12:00:00 GMT-03:00 2025.
2025.09.15 15:25:26,606	CONFIG	3	conquerablehalls.DevastatedCastle.DevastatedCastle	Devastated Castle siege scheduled for Mon Sep 29 12:00:00 GMT-03:00 2025.
2025.09.15 15:25:26,613	CONFIG	3	conquerablehalls.FortressOfResistance.FortressOfResistance	Fortress of Resistance siege scheduled for Mon Sep 29 12:00:00 GMT-03:00 2025.
2025.09.15 15:25:26,630	CONFIG	3	conquerablehalls.FortressOfTheDead.FortressOfTheDead	Fortress of the Dead siege scheduled for Mon Sep 29 12:00:00 GMT-03:00 2025.
2025.09.15 15:25:26,638	CONFIG	3	conquerablehalls.RainbowSpringsChateau.RainbowSpringsChateau	Rainbow Springs siege scheduled for Mon Sep 29 12:00:00 GMT-03:00 2025.
2025.09.15 15:25:26,651	CONFIG	3	conquerablehalls.WildBeastReserve.WildBeastReserve	Beast Farm siege scheduled for Mon Sep 29 12:00:00 GMT-03:00 2025.
2025.09.15 15:25:26,801	INFO	3	org.l2jmobius.gameserver.model.quest.Quest	Event Christmas has passed... Ignored 
2025.09.15 15:25:26,810	INFO	3	org.l2jmobius.gameserver.model.quest.Quest	Event Heavy Medal has passed... Ignored 
2025.09.15 15:25:26,822	INFO	3	org.l2jmobius.gameserver.model.quest.Quest	Event L2 Day has passed... Ignored 
2025.09.15 15:25:27,743	INFO	3	org.l2jmobius.gameserver.data.xml.SpawnData	SpawnData: Initializing spawns...
2025.09.15 15:25:33,001	INFO	3	org.l2jmobius.gameserver.data.xml.SpawnData	SpawnData: 35846 spawns have been initialized!
2025.09.15 15:25:33,012	INFO	3	org.l2jmobius.gameserver.managers.DayNightSpawnManager	DayNightSpawnManager: Removed 0 night creatures
2025.09.15 15:25:33,026	INFO	3	org.l2jmobius.gameserver.managers.DayNightSpawnManager	DayNightSpawnManager: Spawned 232 day creatures
2025.09.15 15:25:33,066	INFO	3	org.l2jmobius.gameserver.managers.DimensionalRiftManager	DimensionalRiftManager: Loaded 7 room types with 56 rooms.
2025.09.15 15:25:33,124	INFO	3	org.l2jmobius.gameserver.managers.DimensionalRiftManager	DimensionalRiftManager: Loaded 462 dimensional rift spawns, 0 errors.
2025.09.15 15:25:33,252	INFO	3	org.l2jmobius.gameserver.managers.RaidBossSpawnManager	RaidBossSpawnManager: Loaded 189 Instances
2025.09.15 15:25:33,252	INFO	3	org.l2jmobius.gameserver.managers.RaidBossSpawnManager	RaidBossSpawnManager: Scheduled 0 Instances
2025.09.15 15:25:33,258	INFO	3	org.l2jmobius.gameserver.GameServer	---------------------------------------------------=[ Siege ]
2025.09.15 15:25:33,297	INFO	3	org.l2jmobius.gameserver.data.xml.SiegeScheduleData	SiegeScheduleData: Loaded 9 siege schedulers.
2025.09.15 15:25:33,315	INFO	3	org.l2jmobius.gameserver.model.siege.Siege	Siege of Gludio: Sun Sep 28 16:00:00 GMT-03:00 2025
2025.09.15 15:25:33,330	INFO	3	org.l2jmobius.gameserver.model.siege.Siege	Siege of Dion: Sun Sep 28 20:00:00 GMT-03:00 2025
2025.09.15 15:25:33,338	INFO	3	org.l2jmobius.gameserver.model.siege.Siege	Siege of Giran: Sun Sep 28 16:00:00 GMT-03:00 2025
2025.09.15 15:25:33,350	INFO	3	org.l2jmobius.gameserver.model.siege.Siege	Siege of Oren: Sun Sep 28 20:00:00 GMT-03:00 2025
2025.09.15 15:25:33,371	INFO	3	org.l2jmobius.gameserver.model.siege.Siege	Siege of Aden: Sun Sep 28 16:00:00 GMT-03:00 2025
2025.09.15 15:25:33,379	INFO	3	org.l2jmobius.gameserver.model.siege.Siege	Siege of Innadril: Sun Sep 28 20:00:00 GMT-03:00 2025
2025.09.15 15:25:33,395	INFO	3	org.l2jmobius.gameserver.model.siege.Siege	Siege of Goddard: Sun Sep 28 16:00:00 GMT-03:00 2025
2025.09.15 15:25:33,420	INFO	3	org.l2jmobius.gameserver.model.siege.Siege	Siege of Rune: Sun Sep 28 20:00:00 GMT-03:00 2025
2025.09.15 15:25:33,447	INFO	3	org.l2jmobius.gameserver.model.siege.Siege	Siege of Schuttgart: Sun Sep 28 16:00:00 GMT-03:00 2025
2025.09.15 15:25:33,490	INFO	3	org.l2jmobius.commons.util.IXmlReader	CastleManorManager: Loaded 258 seeds.
2025.09.15 15:25:33,530	INFO	3	org.l2jmobius.commons.util.IXmlReader	CastleManorManager: Manor data loaded.
2025.09.15 15:25:33,567	INFO	3	org.l2jmobius.gameserver.managers.MercTicketManager	MercTicketManager: Loaded 0 Mercenary Tickets
2025.09.15 15:25:33,568	INFO	3	org.l2jmobius.gameserver.managers.QuestManager	QuestManager: Loaded 342 quests.
2025.09.15 15:25:33,568	INFO	3	org.l2jmobius.gameserver.managers.QuestManager	QuestManager: Loaded 122 scripts.
2025.09.15 15:25:33,584	INFO	3	org.l2jmobius.gameserver.managers.games.MonsterRaceManager	MonsterRace: loaded 0 records, currently on race #1
2025.09.15 15:25:33,822	INFO	3	org.l2jmobius.gameserver.model.sevensigns.SevenSignsFestival	SevenSignsFestival: The first Festival of Darkness cycle begins in 2 minute(s).
2025.09.15 15:25:33,822	INFO	3	org.l2jmobius.gameserver.GameServer	AutoSpawnHandler: Loaded 124 handlers in total.
2025.09.15 15:25:33,833	INFO	3	org.l2jmobius.gameserver.managers.FishingChampionshipManager	FishingChampionshipManager : new event period start.
2025.09.15 15:25:33,919	INFO	3	org.l2jmobius.gameserver.taskmanagers.PersistentTaskManager	PersistentTaskManager: Loaded 7 Tasks.
2025.09.15 15:25:33,924	INFO	3	org.l2jmobius.gameserver.managers.DailyResetManager	DailyResetManager: Daily task will run now.
2025.09.15 15:25:33,924	INFO	3	org.l2jmobius.gameserver.managers.DailyResetManager	Starting reset of daily tasks...
2025.09.15 15:25:33,924	INFO	3	org.l2jmobius.gameserver.managers.DailyResetManager	Daily tasks reset completed.
2025.09.15 15:25:33,937	INFO	3	org.l2jmobius.gameserver.managers.PunishmentManager	PunishmentManager: Loaded 0 active and 0 expired punishments.
2025.09.15 15:25:33,939	INFO	3	org.l2jmobius.gameserver.GameServer	IdManager: Free ObjectID's remaining: 1879008155
2025.09.15 15:25:33,946	INFO	3	org.l2jmobius.gameserver.data.sql.OfflineTraderTable	OfflineTraderTable: Loading offline traders...
2025.09.15 15:25:33,949	INFO	3	org.l2jmobius.gameserver.data.sql.OfflineTraderTable	OfflineTraderTable: Loaded 0 offline traders.
2025.09.15 15:25:33,954	INFO	115	org.l2jmobius.commons.util.DeadlockWatcher	DeadlockWatcher: Thread started.
2025.09.15 15:25:38,528	INFO	3	org.l2jmobius.gameserver.GameServer	GameServer: Started, using 500 of 4096 MB total memory.
2025.09.15 15:25:38,529	INFO	3	org.l2jmobius.gameserver.GameServer	GameServer: Maximum number of connected players is 2000.
2025.09.15 15:25:38,533	INFO	3	org.l2jmobius.gameserver.GameServer	GameServer: Server loaded in 53 seconds.
2025.09.15 15:25:38,900	INFO	117	org.l2jmobius.gameserver.LoginServerThread	LoginServerThread: Connecting to login on 127.0.0.1:9014
2025.09.15 15:25:38,907	WARNING	117	org.l2jmobius.gameserver.LoginServerThread	LoginServerThread: LoginServer not available, trying to reconnect...
2025.09.15 15:25:43,910	INFO	117	org.l2jmobius.gameserver.LoginServerThread	LoginServerThread: Connecting to login on 127.0.0.1:9014
2025.09.15 15:25:43,981	INFO	117	org.l2jmobius.gameserver.LoginServerThread	LoginServerThread: Registered on login as Server 2: Sieghardt
2025.09.15 15:51:11,593	INFO	114	org.l2jmobius.gameserver.Shutdown	All players disconnected and saved(0ms).
2025.09.15 15:51:11,622	INFO	114	org.l2jmobius.gameserver.Shutdown	Game Time Task Manager: Thread interruped(32ms).
2025.09.15 15:51:11,623	INFO	114	org.l2jmobius.commons.threads.ThreadPool	ThreadPool: Shutting down.
2025.09.15 15:51:11,626	INFO	114	org.l2jmobius.gameserver.Shutdown	Thread Pool Manager: Manager has been shut down(3ms).
2025.09.15 15:51:11,627	INFO	114	org.l2jmobius.gameserver.Shutdown	Login Server Thread: Thread interruped(3ms).
2025.09.15 15:51:11,628	INFO	114	org.l2jmobius.gameserver.Shutdown	SIGTERM received. Shutting down NOW!
