2025.09.15 16:15:51,593	INFO	3	org.l2jmobius.commons.util.IXmlReader	Network Config: ipconfig.xml does not exist, using automatic configuration...
2025.09.15 16:15:52,413	INFO	3	org.l2jmobius.commons.util.IXmlReader	Network Config: Adding new subnet: 192.168.56.0/24 address: 192.168.56.1
2025.09.15 16:15:52,417	INFO	3	org.l2jmobius.commons.util.IXmlReader	Network Config: Adding new subnet: 172.24.64.0/20 address: 172.24.64.1
2025.09.15 16:15:52,418	INFO	3	org.l2jmobius.commons.util.IXmlReader	Network Config: Adding new subnet: 127.0.0.0/8 address: 127.0.0.1
2025.09.15 16:15:52,433	INFO	3	org.l2jmobius.commons.util.IXmlReader	Network Config: Adding new subnet: 192.168.15.0/24 address: 192.168.15.9
2025.09.15 16:15:52,434	INFO	3	org.l2jmobius.commons.util.IXmlReader	Network Config: Adding new subnet: 0.0.0.0/0 address: 189.111.92.239
2025.09.15 16:15:52,745	INFO	3	org.l2jmobius.Config	Loaded 6 Filter Words.
2025.09.15 16:15:52,749	INFO	3	org.l2jmobius.gameserver.GameServer	------------------------------------------------=[ Database ]
2025.09.15 16:15:53,668	INFO	3	org.l2jmobius.commons.database.DatabaseFactory	Database: HikariCP pool initialized successfully.
2025.09.15 16:15:54,761	INFO	3	org.l2jmobius.commons.database.DatabaseFactory	Database: Initialized with a valid connection.
2025.09.15 16:15:54,800	INFO	3	org.l2jmobius.gameserver.GameServer	----------------------------------------------=[ ThreadPool ]
2025.09.15 16:15:54,810	INFO	3	org.l2jmobius.commons.threads.ThreadPool	ThreadPool: Initialized
2025.09.15 16:15:54,810	INFO	3	org.l2jmobius.commons.threads.ThreadPool	...scheduled pool executor with 8 high priority threads.
2025.09.15 16:15:54,825	INFO	3	org.l2jmobius.commons.threads.ThreadPool	...scheduled pool executor with 32 total threads.
2025.09.15 16:15:54,829	INFO	3	org.l2jmobius.commons.threads.ThreadPool	...instant pool executor with 16 total threads.
2025.09.15 16:15:54,834	INFO	3	org.l2jmobius.gameserver.GameServer	-----------------------------------------------=[ IdManager ]
2025.09.15 16:15:55,111	INFO	3	org.l2jmobius.gameserver.managers.DatabaseIdManager	DatabaseIdManager: Cleaned 0 elements in 0 seconds.
2025.09.15 16:15:55,127	INFO	3	org.l2jmobius.gameserver.managers.DatabaseIdManager	DatabaseIdManager: Updated character online status.
2025.09.15 16:15:55,156	INFO	3	org.l2jmobius.gameserver.managers.DatabaseIdManager	DatabaseIdManager: Cleaned 0 expired timestamps.
2025.09.15 16:15:55,214	INFO	3	org.l2jmobius.gameserver.managers.IdManager	IdManager: 102912 ids available.
2025.09.15 16:15:55,214	INFO	3	org.l2jmobius.gameserver.GameServer	----------------------------------------=[ Scripting Engine ]
2025.09.15 16:15:56,779	INFO	3	org.l2jmobius.gameserver.scripting.ScriptManager	Loaded 381 files to exclude.
2025.09.15 16:15:56,781	INFO	3	org.l2jmobius.gameserver.GameServer	---------------------------------------------------=[ World ]
2025.09.15 16:15:56,793	INFO	3	org.l2jmobius.commons.util.IXmlReader	InstanceManager: Multiverse Instance created.
2025.09.15 16:15:56,795	INFO	3	org.l2jmobius.commons.util.IXmlReader	InstanceManager: Universe Instance created.
2025.09.15 16:15:56,855	INFO	3	org.l2jmobius.commons.util.IXmlReader	InstanceManager: Loaded 2 instance templates.
2025.09.15 16:15:57,377	INFO	3	org.l2jmobius.commons.util.IXmlReader	MapRegionManager: Loaded 42 map regions.
2025.09.15 16:15:57,425	INFO	3	org.l2jmobius.gameserver.managers.GlobalVariablesManager	GlobalVariablesManager: Loaded 2 variables.
2025.09.15 16:15:57,426	INFO	3	org.l2jmobius.gameserver.GameServer	----------------------------------------------------=[ Data ]
2025.09.15 16:15:57,529	INFO	3	org.l2jmobius.gameserver.data.xml.CategoryData	CategoryData: Loaded 160 categories.
2025.09.15 16:15:57,544	INFO	3	org.l2jmobius.gameserver.GameServer	--------------------------------------------------=[ Skills ]
2025.09.15 16:16:04,009	INFO	3	handlers.EffectMasterHandler	EffectMasterHandler: Loaded 145 effect handlers.
2025.09.15 16:16:04,491	INFO	3	org.l2jmobius.gameserver.data.sql.EnchantSkillTreesTable	EnchantSkillTreesTable: Loaded 14520 enchant skills.
2025.09.15 16:16:06,574	INFO	3	org.l2jmobius.commons.util.IXmlReader	SkillTreeData: Loaded 13777 Class Skills for 89 class skill trees.
2025.09.15 16:16:06,574	INFO	3	org.l2jmobius.commons.util.IXmlReader	SkillTreeData: Loaded 117 fishing skills, 8 Dwarven only fishing skills.
2025.09.15 16:16:06,582	INFO	3	org.l2jmobius.commons.util.IXmlReader	SkillTreeData: Loaded 64 clan skills, 64 for clan and 0 residential.
2025.09.15 16:16:06,583	INFO	3	org.l2jmobius.commons.util.IXmlReader	SkillTreeData: Loaded 8 noble skills.
2025.09.15 16:16:06,583	INFO	3	org.l2jmobius.commons.util.IXmlReader	SkillTreeData: Loaded 5 hero skills.
2025.09.15 16:16:06,584	INFO	3	org.l2jmobius.commons.util.IXmlReader	SkillTreeData: Loaded 25 game master skills.
2025.09.15 16:16:06,585	INFO	3	org.l2jmobius.commons.util.IXmlReader	SkillTreeData: Loaded 1 game master aura skills.
2025.09.15 16:16:12,568	INFO	3	org.l2jmobius.gameserver.data.xml.SkillData	SkillData: Loaded 29865 Skill templates from XML files.
2025.09.15 16:16:12,750	INFO	3	org.l2jmobius.gameserver.data.xml.PetSkillData	PetSkillData: Loaded 795 skills.
2025.09.15 16:16:12,751	INFO	3	org.l2jmobius.gameserver.GameServer	---------------------------------------------------=[ Items ]
2025.09.15 16:16:14,733	INFO	3	org.l2jmobius.gameserver.data.xml.ItemData	ItemData: Highest item id used: 50000
2025.09.15 16:16:14,742	INFO	3	org.l2jmobius.gameserver.data.xml.ItemData	ItemData: Loaded 6882 etc items.
2025.09.15 16:16:14,742	INFO	3	org.l2jmobius.gameserver.data.xml.ItemData	ItemData: Loaded 1106 armor items.
2025.09.15 16:16:14,743	INFO	3	org.l2jmobius.gameserver.data.xml.ItemData	ItemData: Loaded 1223 weapon items.
2025.09.15 16:16:14,743	INFO	3	org.l2jmobius.gameserver.data.xml.ItemData	ItemData: Loaded 9211 items in total.
2025.09.15 16:16:14,800	INFO	3	org.l2jmobius.commons.util.IXmlReader	EnchantItemGroupsData: Loaded 4 item group templates.
2025.09.15 16:16:14,803	INFO	3	org.l2jmobius.commons.util.IXmlReader	EnchantItemGroupsData: Loaded 1 scroll group templates.
2025.09.15 16:16:14,804	INFO	3	org.l2jmobius.commons.util.IXmlReader	EnchantItemGroupsData: Max weapon enchant is set to 16.
2025.09.15 16:16:14,806	INFO	3	org.l2jmobius.commons.util.IXmlReader	EnchantItemGroupsData: Max armor enchant is set to 16.
2025.09.15 16:16:14,808	INFO	3	org.l2jmobius.commons.util.IXmlReader	EnchantItemGroupsData: Max accessory enchant is set to 16.
2025.09.15 16:16:14,836	INFO	3	org.l2jmobius.commons.util.IXmlReader	EnchantItemData: Loaded 30 enchant scrolls.
2025.09.15 16:16:19,465	INFO	3	org.l2jmobius.gameserver.data.xml.OptionData	OptionData: Loaded 16380 options.
2025.09.15 16:16:19,510	INFO	3	org.l2jmobius.commons.util.IXmlReader	EnchantItemHPBonusData: Loaded 6 enchant HP bonuses.
2025.09.15 16:16:19,520	INFO	3	org.l2jmobius.gameserver.data.MerchantPriceConfigTable	MerchantPriceConfigTable: Loaded 28 merchant price configs.
2025.09.15 16:16:24,855	WARNING	3	org.l2jmobius.commons.util.IXmlReader	Directory not found: C:\Users\marcos\Desktop\L2J_Mobius_CT_0_Interlude\game\data\buylists\custom
2025.09.15 16:16:24,855	INFO	3	org.l2jmobius.gameserver.data.xml.BuyListData	BuyListData: Loaded 616 buyLists.
2025.09.15 16:16:26,008	INFO	3	org.l2jmobius.commons.util.IXmlReader	MultisellData: Loaded 93 multisell lists.
2025.09.15 16:16:26,117	INFO	3	org.l2jmobius.commons.util.IXmlReader	RecipeData: Loaded 871 recipes.
2025.09.15 16:16:26,182	INFO	3	org.l2jmobius.commons.util.IXmlReader	ArmorSetData: Loaded 51 armor sets.
2025.09.15 16:16:26,237	INFO	3	org.l2jmobius.commons.util.IXmlReader	FishData: Loaded 278 fishes.
2025.09.15 16:16:26,247	INFO	3	org.l2jmobius.commons.util.IXmlReader	FishingMonstersData: Loaded 8 fishing monsters.
2025.09.15 16:16:26,260	INFO	3	org.l2jmobius.commons.util.IXmlReader	FishingRodsData: Loaded 6 fishing rods.
2025.09.15 16:16:26,347	INFO	3	org.l2jmobius.commons.util.IXmlReader	HennaData: Loaded 180 henna data.
2025.09.15 16:16:26,363	INFO	3	org.l2jmobius.gameserver.GameServer	----------------------------------------------=[ Characters ]
2025.09.15 16:16:26,400	INFO	3	org.l2jmobius.gameserver.data.xml.ClassListData	ClassListData: Loaded 89 class data.
2025.09.15 16:16:26,431	INFO	3	org.l2jmobius.commons.util.IXmlReader	InitialEquipmentData: Loaded 9 initial equipment data.
2025.09.15 16:16:26,449	INFO	3	org.l2jmobius.commons.util.IXmlReader	InitialShortcutData: Loaded 5 initial global shortcut data.
2025.09.15 16:16:26,451	INFO	3	org.l2jmobius.commons.util.IXmlReader	InitialShortcutData: Loaded 4 initial shortcut data.
2025.09.15 16:16:26,452	INFO	3	org.l2jmobius.commons.util.IXmlReader	InitialShortcutData: Loaded 0 macro presets.
2025.09.15 16:16:26,473	INFO	3	org.l2jmobius.gameserver.data.xml.ExperienceData	ExperienceData: Loaded 81 levels.
2025.09.15 16:16:26,476	INFO	3	org.l2jmobius.gameserver.data.xml.ExperienceData	ExperienceData: Max Player Level is 80.
2025.09.15 16:16:26,476	INFO	3	org.l2jmobius.gameserver.data.xml.ExperienceData	ExperienceData: Max Pet Level is 80.
2025.09.15 16:16:26,512	INFO	3	org.l2jmobius.commons.util.IXmlReader	KarmaData: Loaded 80 karma modifiers.
2025.09.15 16:16:26,536	INFO	3	org.l2jmobius.commons.util.IXmlReader	HitConditionBonusData: Loaded hit condition bonuses.
2025.09.15 16:16:27,896	INFO	3	org.l2jmobius.gameserver.data.xml.PlayerTemplateData	PlayerTemplateData: Loaded 89 character templates.
2025.09.15 16:16:27,898	INFO	3	org.l2jmobius.gameserver.data.xml.PlayerTemplateData	PlayerTemplateData: Loaded 42720 level up gain records.
2025.09.15 16:16:27,912	INFO	3	org.l2jmobius.gameserver.data.sql.CharInfoTable	CharInfoTable: Loaded 1 char names.
2025.09.15 16:16:27,934	INFO	3	org.l2jmobius.gameserver.data.xml.AdminData	AdminData: Loaded 10 access levels.
2025.09.15 16:16:27,966	INFO	3	org.l2jmobius.gameserver.data.xml.AdminData	AdminData: Loaded 432 access commands.
2025.09.15 16:16:27,978	INFO	3	org.l2jmobius.gameserver.managers.RaidBossPointsManager	RaidBossPointsManager: Loaded 0 Characters Raid Points.
2025.09.15 16:16:28,309	INFO	3	org.l2jmobius.commons.util.IXmlReader	PetDataTable: Loaded 12 pets.
2025.09.15 16:16:28,338	INFO	3	org.l2jmobius.gameserver.GameServer	---------------------------------------------------=[ Clans ]
2025.09.15 16:16:28,394	INFO	3	org.l2jmobius.gameserver.communitybbs.Manager.ForumsBBSManager	ForumsBBSManager: Loaded 4 forums. Last forum id used: 4
2025.09.15 16:16:28,399	INFO	3	org.l2jmobius.gameserver.data.sql.ClanTable	ClanTable: Restored 0 clans from the database.
2025.09.15 16:16:28,431	INFO	3	org.l2jmobius.gameserver.managers.CHSiegeManager	CHSiegeManager: Loaded 6 conquerable clan halls.
2025.09.15 16:16:28,649	INFO	3	org.l2jmobius.gameserver.managers.ClanHallAuctionManager	ClanHallAuctionManager: Loaded 38 auction(s)
2025.09.15 16:16:28,659	INFO	3	org.l2jmobius.gameserver.data.sql.ClanHallTable	ClanHallTable: Loaded 0 clan halls
2025.09.15 16:16:28,659	INFO	3	org.l2jmobius.gameserver.data.sql.ClanHallTable	ClanHallTable: Loaded 38 free clan halls
2025.09.15 16:16:28,661	INFO	3	org.l2jmobius.gameserver.GameServer	-------------------------------------------------=[ Geodata ]
2025.09.15 16:16:28,726	INFO	3	org.l2jmobius.gameserver.geoengine.GeoEngine	GeoEngine: Loaded 0 regions.
2025.09.15 16:16:28,728	INFO	3	org.l2jmobius.gameserver.geoengine.GeoEngine	GeoEngine: Pathfinding is disabled.
2025.09.15 16:16:28,728	INFO	3	org.l2jmobius.gameserver.GameServer	----------------------------------------------------=[ NPCs ]
2025.09.15 16:16:28,804	INFO	3	org.l2jmobius.gameserver.managers.ZoneManager	ZoneManager 12 by 17 Zone Region Grid set up.
2025.09.15 16:16:33,467	INFO	3	org.l2jmobius.commons.util.IXmlReader	NpcData: Loaded 6519 NPCs.
2025.09.15 16:16:33,570	INFO	3	org.l2jmobius.commons.util.IXmlReader	NpcData: Loaded 18 custom NPCs.
2025.09.15 16:16:33,588	INFO	3	org.l2jmobius.commons.util.IXmlReader	SkillLearnData: Loaded 217 skill learn data.
2025.09.15 16:16:33,599	INFO	3	org.l2jmobius.gameserver.managers.GrandBossManager	GrandBossManager: Gigantic Chaos Golem(25512) status is 0.
2025.09.15 16:16:33,604	INFO	3	org.l2jmobius.gameserver.managers.GrandBossManager	GrandBossManager: Queen Ant(29001) status is 0.
2025.09.15 16:16:33,604	INFO	3	org.l2jmobius.gameserver.managers.GrandBossManager	GrandBossManager: Core(29006) status is 0.
2025.09.15 16:16:33,606	INFO	3	org.l2jmobius.gameserver.managers.GrandBossManager	GrandBossManager: Orfen(29014) status is 0.
2025.09.15 16:16:33,606	INFO	3	org.l2jmobius.gameserver.managers.GrandBossManager	GrandBossManager: Antharas(29019) status is 0.
2025.09.15 16:16:33,608	INFO	3	org.l2jmobius.gameserver.managers.GrandBossManager	GrandBossManager: Baium(29020) status is 0.
2025.09.15 16:16:33,610	INFO	3	org.l2jmobius.gameserver.managers.GrandBossManager	GrandBossManager: Zaken(29022) status is 0.
2025.09.15 16:16:33,610	INFO	3	org.l2jmobius.gameserver.managers.GrandBossManager	GrandBossManager: Valakas(29028) status is 0.
2025.09.15 16:16:33,610	INFO	3	org.l2jmobius.gameserver.managers.GrandBossManager	GrandBossManager: Frintezza(29045) status is 0.
2025.09.15 16:16:33,612	INFO	3	org.l2jmobius.gameserver.managers.GrandBossManager	GrandBossManager: Loaded 9 Instances
2025.09.15 16:16:34,113	INFO	3	org.l2jmobius.gameserver.managers.ZoneManager	ZoneManager: Loaded 29 zone classes and 2413 zones.
2025.09.15 16:16:34,124	INFO	3	org.l2jmobius.gameserver.managers.ZoneManager	ZoneManager: Last static id 200224.
2025.09.15 16:16:34,294	INFO	3	org.l2jmobius.commons.util.IXmlReader	DoorData: Loaded 547 doors.
2025.09.15 16:16:34,316	INFO	3	FenceData	FenceData: Loaded 1 fences.
2025.09.15 16:16:34,355	INFO	3	org.l2jmobius.gameserver.data.xml.LevelUpCrystalData	Soul crystal data : Loaded 39
2025.09.15 16:16:34,355	INFO	3	org.l2jmobius.gameserver.data.xml.LevelUpCrystalData	Npc leveling crystal data : Loaded 125
2025.09.15 16:16:34,386	INFO	3	org.l2jmobius.gameserver.managers.WalkingManager	WalkingManager: Loaded 14 walking routes.
2025.09.15 16:16:34,412	INFO	3	org.l2jmobius.commons.util.IXmlReader	StaticObjectData: Loaded 29 static object templates.
2025.09.15 16:16:34,461	INFO	3	org.l2jmobius.gameserver.managers.CastleManager	CastleManager: Loaded 9 castles
2025.09.15 16:16:34,487	INFO	3	org.l2jmobius.gameserver.data.SchemeBufferTable	SchemeBufferTable: Loaded 0 players schemes and 60 available buffs.
2025.09.15 16:16:34,495	INFO	3	org.l2jmobius.gameserver.managers.GrandBossManager	GrandBossManager: Initialized 10 Grand Boss Zones
2025.09.15 16:16:34,497	INFO	3	org.l2jmobius.gameserver.GameServer	------------------------------------------------=[ Olympiad ]
2025.09.15 16:16:34,522	INFO	3	org.l2jmobius.gameserver.model.olympiad.Olympiad	Olympiad System: Loading Olympiad System....
2025.09.15 16:16:34,522	INFO	3	org.l2jmobius.gameserver.model.olympiad.Olympiad	Olympiad System: Currently in Olympiad Period
2025.09.15 16:16:34,522	INFO	3	org.l2jmobius.gameserver.model.olympiad.Olympiad	Olympiad System: 15 days, 19 hours and 43 mins until period ends.
2025.09.15 16:16:34,522	INFO	3	org.l2jmobius.gameserver.model.olympiad.Olympiad	Olympiad System: Next weekly change is in 6 days, 23 hours and 19 mins.
2025.09.15 16:16:34,530	INFO	3	org.l2jmobius.gameserver.model.olympiad.Olympiad	Olympiad System: Loaded 0 Nobles
2025.09.15 16:16:34,543	INFO	3	org.l2jmobius.gameserver.model.olympiad.Olympiad	Olympiad System: Competition Period Starts in 0 days, 1 hours and 44 mins.
2025.09.15 16:16:34,614	INFO	3	org.l2jmobius.gameserver.model.olympiad.Olympiad	Olympiad System: Event starts/started : Mon Sep 15 18:00:34 GMT-03:00 2025
2025.09.15 16:16:34,626	INFO	3	org.l2jmobius.gameserver.model.olympiad.Hero	Hero System: Loaded 0 Heroes.
2025.09.15 16:16:34,627	INFO	3	org.l2jmobius.gameserver.model.olympiad.Hero	Hero System: Loaded 0 all time Heroes.
2025.09.15 16:16:34,627	INFO	3	org.l2jmobius.gameserver.GameServer	---------------------------------------------=[ Seven Signs ]
2025.09.15 16:16:34,647	INFO	3	org.l2jmobius.gameserver.model.sevensigns.SevenSigns	SevenSigns: Currently in the Competition (Quest Event) period!
2025.09.15 16:16:34,647	INFO	3	org.l2jmobius.gameserver.model.sevensigns.SevenSigns	SevenSigns: The Seal of Avarice remains unclaimed.
2025.09.15 16:16:34,647	INFO	3	org.l2jmobius.gameserver.model.sevensigns.SevenSigns	SevenSigns: The Seal of Gnosis remains unclaimed.
2025.09.15 16:16:34,649	INFO	3	org.l2jmobius.gameserver.model.sevensigns.SevenSigns	SevenSigns: The Seal of Strife remains unclaimed.
2025.09.15 16:16:34,649	INFO	3	org.l2jmobius.gameserver.model.sevensigns.SevenSigns	SevenSigns: The competition, if the current trend continues, will end in a tie this week.
2025.09.15 16:16:34,649	INFO	3	org.l2jmobius.gameserver.model.sevensigns.SevenSigns	SevenSigns: Next period change set to Mon Sep 15 18:00:34 GMT-03:00 2025
2025.09.15 16:16:34,651	INFO	3	org.l2jmobius.gameserver.model.sevensigns.SevenSigns	SevenSigns: Next period begins in 0 days, 1 hours and 43 mins.
2025.09.15 16:16:34,651	INFO	3	org.l2jmobius.gameserver.GameServer	---------------------------------------------------=[ Cache ]
2025.09.15 16:16:34,655	INFO	3	org.l2jmobius.gameserver.cache.HtmCache	Cache[HTML]: Running lazy cache.
2025.09.15 16:16:34,669	INFO	3	org.l2jmobius.gameserver.data.sql.CrestTable	CrestTable: Loaded 0 Crests.
2025.09.15 16:16:35,947	INFO	3	org.l2jmobius.gameserver.data.xml.TeleporterData	TeleporterData: Loaded 142 npc teleporters.
2025.09.15 16:16:36,129	INFO	3	org.l2jmobius.gameserver.data.AugmentationData	AugmentationData: Loaded 22640 augmentations.
2025.09.15 16:16:36,161	INFO	3	org.l2jmobius.gameserver.managers.CursedWeaponsManager	CursedWeaponsManager: Loaded : 2 cursed weapon(s).
2025.09.15 16:16:36,163	INFO	3	org.l2jmobius.gameserver.GameServer	-------------------------------------------------=[ Scripts ]
2025.09.15 16:16:36,167	INFO	3	org.l2jmobius.gameserver.GameServer	Loading server scripts...
2025.09.15 16:16:45,156	INFO	3	handlers.MasterHandler	Loading Handlers...
2025.09.15 16:16:45,335	INFO	3	handlers.MasterHandler	ActionHandler: Loaded 10 handlers.
2025.09.15 16:16:45,335	INFO	3	handlers.MasterHandler	ActionShiftHandler: Loaded 6 handlers.
2025.09.15 16:16:45,335	INFO	3	handlers.MasterHandler	AdminCommandHandler: Loaded 444 handlers.
2025.09.15 16:16:45,335	INFO	3	handlers.MasterHandler	BypassHandler: Loaded 38 handlers.
2025.09.15 16:16:45,335	INFO	3	handlers.MasterHandler	ChatHandler: Loaded 14 handlers.
2025.09.15 16:16:45,335	INFO	3	handlers.MasterHandler	CommunityBoardHandler: Loaded 27 handlers.
2025.09.15 16:16:45,335	INFO	3	handlers.MasterHandler	ItemHandler: Loaded 25 handlers.
2025.09.15 16:16:45,335	INFO	3	handlers.MasterHandler	PunishmentHandler: Loaded 3 handlers.
2025.09.15 16:16:45,335	INFO	3	handlers.MasterHandler	UserCommandHandler: Loaded 15 handlers.
2025.09.15 16:16:45,335	INFO	3	handlers.MasterHandler	VoicedCommandHandler: Loaded 7 handlers.
2025.09.15 16:16:45,335	INFO	3	handlers.MasterHandler	TargetHandler: Loaded 34 handlers.
2025.09.15 16:16:45,335	INFO	3	handlers.MasterHandler	Handlers Loaded...
2025.09.15 16:17:04,987	INFO	3	ai.areas.ImperialTomb.FourSepulchers.FourSepulchers	[Four Sepulchers] Loaded 762 spawn zones data.
2025.09.15 16:17:05,388	INFO	3	org.l2jmobius.commons.util.IXmlReader	NpcBuffersData: Loaded 10 buffers data.
2025.09.15 16:17:05,466	CONFIG	3	conquerablehalls.BanditStronghold.BanditStronghold	Bandit StrongHold siege scheduled for Mon Sep 29 12:00:00 GMT-03:00 2025.
2025.09.15 16:17:05,591	CONFIG	3	conquerablehalls.DevastatedCastle.DevastatedCastle	Devastated Castle siege scheduled for Mon Sep 29 12:00:00 GMT-03:00 2025.
2025.09.15 16:17:05,650	CONFIG	3	conquerablehalls.FortressOfResistance.FortressOfResistance	Fortress of Resistance siege scheduled for Mon Sep 29 12:00:00 GMT-03:00 2025.
2025.09.15 16:17:05,664	CONFIG	3	conquerablehalls.FortressOfTheDead.FortressOfTheDead	Fortress of the Dead siege scheduled for Mon Sep 29 12:00:00 GMT-03:00 2025.
2025.09.15 16:17:05,668	CONFIG	3	conquerablehalls.RainbowSpringsChateau.RainbowSpringsChateau	Rainbow Springs siege scheduled for Mon Sep 29 12:00:00 GMT-03:00 2025.
2025.09.15 16:17:05,685	CONFIG	3	conquerablehalls.WildBeastReserve.WildBeastReserve	Beast Farm siege scheduled for Mon Sep 29 12:00:00 GMT-03:00 2025.
2025.09.15 16:17:05,831	INFO	3	org.l2jmobius.gameserver.model.quest.Quest	Event Christmas has passed... Ignored 
2025.09.15 16:17:05,847	INFO	3	org.l2jmobius.gameserver.model.quest.Quest	Event Heavy Medal has passed... Ignored 
2025.09.15 16:17:05,855	INFO	3	org.l2jmobius.gameserver.model.quest.Quest	Event L2 Day has passed... Ignored 
2025.09.15 16:17:07,676	INFO	3	org.l2jmobius.gameserver.data.xml.SpawnData	SpawnData: Initializing spawns...
2025.09.15 16:17:16,433	INFO	3	org.l2jmobius.gameserver.data.xml.SpawnData	SpawnData: 35846 spawns have been initialized!
2025.09.15 16:17:16,433	INFO	3	org.l2jmobius.gameserver.managers.DayNightSpawnManager	DayNightSpawnManager: Removed 0 day creatures
2025.09.15 16:17:16,464	INFO	3	org.l2jmobius.gameserver.managers.DayNightSpawnManager	DayNightSpawnManager: Spawned 684 night creatures
2025.09.15 16:17:16,638	INFO	3	org.l2jmobius.gameserver.managers.DimensionalRiftManager	DimensionalRiftManager: Loaded 7 room types with 56 rooms.
2025.09.15 16:17:16,690	INFO	3	org.l2jmobius.gameserver.managers.DimensionalRiftManager	DimensionalRiftManager: Loaded 462 dimensional rift spawns, 0 errors.
2025.09.15 16:17:16,875	INFO	3	org.l2jmobius.gameserver.managers.RaidBossSpawnManager	RaidBossSpawnManager: Loaded 189 Instances
2025.09.15 16:17:16,876	INFO	3	org.l2jmobius.gameserver.managers.RaidBossSpawnManager	RaidBossSpawnManager: Scheduled 0 Instances
2025.09.15 16:17:16,876	INFO	3	org.l2jmobius.gameserver.GameServer	---------------------------------------------------=[ Siege ]
2025.09.15 16:17:17,210	INFO	3	org.l2jmobius.gameserver.data.xml.SiegeScheduleData	SiegeScheduleData: Loaded 9 siege schedulers.
2025.09.15 16:17:17,210	INFO	3	org.l2jmobius.gameserver.model.siege.Siege	Siege of Gludio: Sun Sep 28 16:00:00 GMT-03:00 2025
2025.09.15 16:17:17,213	INFO	3	org.l2jmobius.gameserver.model.siege.Siege	Siege of Dion: Sun Sep 28 20:00:00 GMT-03:00 2025
2025.09.15 16:17:17,213	INFO	3	org.l2jmobius.gameserver.model.siege.Siege	Siege of Giran: Sun Sep 28 16:00:00 GMT-03:00 2025
2025.09.15 16:17:17,213	INFO	3	org.l2jmobius.gameserver.model.siege.Siege	Siege of Oren: Sun Sep 28 20:00:00 GMT-03:00 2025
2025.09.15 16:17:17,213	INFO	3	org.l2jmobius.gameserver.model.siege.Siege	Siege of Aden: Sun Sep 28 16:00:00 GMT-03:00 2025
2025.09.15 16:17:17,213	INFO	3	org.l2jmobius.gameserver.model.siege.Siege	Siege of Innadril: Sun Sep 28 20:00:00 GMT-03:00 2025
2025.09.15 16:17:17,221	INFO	3	org.l2jmobius.gameserver.model.siege.Siege	Siege of Goddard: Sun Sep 28 16:00:00 GMT-03:00 2025
2025.09.15 16:17:17,221	INFO	3	org.l2jmobius.gameserver.model.siege.Siege	Siege of Rune: Sun Sep 28 20:00:00 GMT-03:00 2025
2025.09.15 16:17:17,224	INFO	3	org.l2jmobius.gameserver.model.siege.Siege	Siege of Schuttgart: Sun Sep 28 16:00:00 GMT-03:00 2025
2025.09.15 16:17:17,402	INFO	3	org.l2jmobius.commons.util.IXmlReader	CastleManorManager: Loaded 258 seeds.
2025.09.15 16:17:17,505	INFO	3	org.l2jmobius.commons.util.IXmlReader	CastleManorManager: Manor data loaded.
2025.09.15 16:17:17,874	INFO	3	org.l2jmobius.gameserver.managers.MercTicketManager	MercTicketManager: Loaded 0 Mercenary Tickets
2025.09.15 16:17:17,874	INFO	3	org.l2jmobius.gameserver.managers.QuestManager	QuestManager: Loaded 342 quests.
2025.09.15 16:17:17,875	INFO	3	org.l2jmobius.gameserver.managers.QuestManager	QuestManager: Loaded 122 scripts.
2025.09.15 16:17:17,998	INFO	3	org.l2jmobius.gameserver.managers.games.MonsterRaceManager	MonsterRace: loaded 1 records, currently on race #2
2025.09.15 16:17:18,222	INFO	3	org.l2jmobius.gameserver.model.sevensigns.SevenSignsFestival	SevenSignsFestival: The first Festival of Darkness cycle begins in 2 minute(s).
2025.09.15 16:17:18,222	INFO	3	org.l2jmobius.gameserver.GameServer	AutoSpawnHandler: Loaded 124 handlers in total.
2025.09.15 16:17:18,232	INFO	3	org.l2jmobius.gameserver.managers.FishingChampionshipManager	FishingChampionshipManager : new event period start.
2025.09.15 16:17:18,248	INFO	3	org.l2jmobius.gameserver.taskmanagers.PersistentTaskManager	PersistentTaskManager: Loaded 7 Tasks.
2025.09.15 16:17:18,248	INFO	3	org.l2jmobius.gameserver.managers.DailyResetManager	DailyResetManager: Daily task will run now.
2025.09.15 16:17:18,248	INFO	3	org.l2jmobius.gameserver.managers.DailyResetManager	Starting reset of daily tasks...
2025.09.15 16:17:18,248	INFO	3	org.l2jmobius.gameserver.managers.DailyResetManager	Daily tasks reset completed.
2025.09.15 16:17:18,279	INFO	3	org.l2jmobius.gameserver.managers.PunishmentManager	PunishmentManager: Loaded 0 active and 0 expired punishments.
2025.09.15 16:17:18,279	INFO	3	org.l2jmobius.gameserver.GameServer	IdManager: Free ObjectID's remaining: 1879007703
2025.09.15 16:17:18,279	INFO	3	org.l2jmobius.gameserver.data.sql.OfflineTraderTable	OfflineTraderTable: Loading offline traders...
2025.09.15 16:17:18,279	INFO	3	org.l2jmobius.gameserver.data.sql.OfflineTraderTable	OfflineTraderTable: Loaded 0 offline traders.
2025.09.15 16:17:18,291	INFO	115	org.l2jmobius.commons.util.DeadlockWatcher	DeadlockWatcher: Thread started.
2025.09.15 16:17:22,189	INFO	3	org.l2jmobius.gameserver.GameServer	GameServer: Started, using 508 of 4096 MB total memory.
2025.09.15 16:17:22,191	INFO	3	org.l2jmobius.gameserver.GameServer	GameServer: Maximum number of connected players is 2000.
2025.09.15 16:17:22,193	INFO	3	org.l2jmobius.gameserver.GameServer	GameServer: Server loaded in 92 seconds.
2025.09.15 16:17:22,370	INFO	117	org.l2jmobius.gameserver.LoginServerThread	LoginServerThread: Connecting to login on 127.0.0.1:9014
2025.09.15 16:17:22,911	INFO	117	org.l2jmobius.gameserver.LoginServerThread	LoginServerThread: Registered on login as Server 2: Sieghardt
2025.09.15 16:33:53,413	WARNING	42	org.l2jmobius.gameserver.Shutdown	Server scheduled restart issued shutdown command. Shutdown in 1 seconds!
2025.09.15 16:33:54,419	WARNING	208	org.l2jmobius.gameserver.Shutdown	GM shutdown countdown is over. shutting down NOW!
2025.09.15 16:33:54,421	INFO	208	org.l2jmobius.gameserver.Shutdown	All players disconnected and saved(1ms).
2025.09.15 16:33:54,421	INFO	208	org.l2jmobius.gameserver.Shutdown	Game Time Task Manager: Thread interruped(0ms).
2025.09.15 16:33:54,421	INFO	208	org.l2jmobius.commons.threads.ThreadPool	ThreadPool: Shutting down.
2025.09.15 16:33:54,424	INFO	208	org.l2jmobius.gameserver.Shutdown	Thread Pool Manager: Manager has been shut down(3ms).
2025.09.15 16:33:54,425	INFO	208	org.l2jmobius.gameserver.Shutdown	Login Server Thread: Thread interruped(1ms).
2025.09.15 16:33:54,425	INFO	208	org.l2jmobius.gameserver.Shutdown	GM shutdown received. Shutting down NOW!
2025.09.15 16:33:54,431	INFO	208	org.l2jmobius.gameserver.Shutdown	SevenSignsFestival: Festival data saved(6ms).
2025.09.15 16:33:54,432	INFO	208	org.l2jmobius.gameserver.Shutdown	SevenSigns: Seven Signs data saved(0ms).
2025.09.15 16:33:54,439	INFO	208	org.l2jmobius.gameserver.Shutdown	SevenSigns: Seven Signs status saved(8ms).
2025.09.15 16:33:54,522	INFO	208	org.l2jmobius.gameserver.Shutdown	RaidBossSpawnManager: All raidboss info saved(83ms).
2025.09.15 16:33:54,531	INFO	208	org.l2jmobius.gameserver.Shutdown	GrandBossManager: All Grand Boss info saved(8ms).
2025.09.15 16:33:54,533	INFO	208	org.l2jmobius.gameserver.Shutdown	Olympiad System: Data saved(3ms).
2025.09.15 16:33:54,534	INFO	208	org.l2jmobius.gameserver.Shutdown	Hero System: Data saved(1ms).
2025.09.15 16:33:54,536	INFO	208	org.l2jmobius.gameserver.Shutdown	Clan System: Data saved(1ms).
2025.09.15 16:33:54,539	INFO	208	org.l2jmobius.gameserver.Shutdown	Cursed Weapons Manager: Data saved(4ms).
2025.09.15 16:33:54,544	INFO	208	org.l2jmobius.gameserver.Shutdown	Castle Manor Manager: Data saved(5ms).
2025.09.15 16:33:54,548	CONFIG	208	conquerablehalls.FortressOfTheDead.FortressOfTheDead	FortressOfTheDead: Successfully saved attackers to database.
2025.09.15 16:33:54,549	CONFIG	208	conquerablehalls.DevastatedCastle.DevastatedCastle	DevastatedCastle: Successfully saved attackers to database.
2025.09.15 16:33:54,550	CONFIG	208	conquerablehalls.BanditStronghold.BanditStronghold	BanditStronghold: Successfully saved attackers to database.
2025.09.15 16:33:54,552	CONFIG	208	conquerablehalls.FortressOfResistance.FortressOfResistance	FortressOfResistance: Successfully saved attackers to database.
2025.09.15 16:33:54,554	CONFIG	208	conquerablehalls.RainbowSpringsChateau.RainbowSpringsChateau	RainbowSpringsChateau: Successfully saved attackers to database.
2025.09.15 16:33:54,555	CONFIG	208	conquerablehalls.WildBeastReserve.WildBeastReserve	WildBeastReserve: Successfully saved attackers to database.
2025.09.15 16:33:54,556	INFO	208	org.l2jmobius.gameserver.Shutdown	CHSiegeManager: Siegable hall attacker lists saved!
2025.09.15 16:33:54,558	INFO	208	org.l2jmobius.gameserver.Shutdown	Quest Manager: Data saved(13ms).
2025.09.15 16:33:54,588	INFO	208	org.l2jmobius.gameserver.managers.GlobalVariablesManager	GlobalVariablesManager: Stored 5 variables.
2025.09.15 16:33:54,588	INFO	208	org.l2jmobius.gameserver.Shutdown	Global Variables Manager: Variables saved(31ms).
2025.09.15 16:33:54,590	INFO	208	org.l2jmobius.gameserver.Shutdown	Fishing Championship data has been saved.
2025.09.15 16:33:54,629	INFO	208	org.l2jmobius.gameserver.Shutdown	SchemeBufferTable data has been saved.
2025.09.15 16:33:56,522	WARNING	117	org.l2jmobius.gameserver.LoginServerThread	LoginServerThread: LoginServer not available, trying to reconnect...
2025.09.15 16:33:59,644	INFO	208	org.l2jmobius.commons.database.DatabaseFactory	Database: HikariCP pool closed successfully.
2025.09.15 16:33:59,645	INFO	208	org.l2jmobius.gameserver.Shutdown	Database Factory: Database connection has been shut down(14ms).
2025.09.15 16:33:59,645	INFO	208	org.l2jmobius.gameserver.Shutdown	The server has been successfully shut down in 5seconds.
